<?xml version="1.0" encoding="UTF-8"?>
<testng-results skipped="0" failed="18" ignored="0" total="149" passed="131">
  <reporter-output>
  </reporter-output>
  <suite name="单个主机设备状态查询" duration-ms="12653" started-at="2019-04-10T11:42:56Z" finished-at="2019-04-10T11:43:08Z">
    <groups>
    </groups>
    <test name="设备状态查询接口测试" duration-ms="12653" started-at="2019-04-10T11:42:56Z" finished-at="2019-04-10T11:43:08Z">
      <class name="com.rest.autotest.http.GetDeviceStatus">
        <test-method status="PASS" signature="getDeviceStatus(int, java.lang.String)[pri:0, instance:com.rest.autotest.http.GetDeviceStatus@6b53e23f]" name="getDeviceStatus" duration-ms="782" started-at="2019-04-10T19:42:58Z" description="查询设备状态" data-provider="dataprovider" finished-at="2019-04-10T19:42:58Z">
          <params>
            <param index="0">
              <value>
                <![CDATA[17726]]>
              </value>
            </param>
            <param index="1">
              <value>
                <![CDATA[KONKE_ZIGBEE_WindowPusher]]>
              </value>
            </param>
          </params>
          <reporter-output>
          </reporter-output>
        </test-method> <!-- getDeviceStatus -->
        <test-method status="FAIL" signature="getDeviceStatus(int, java.lang.String)[pri:0, instance:com.rest.autotest.http.GetDeviceStatus@6b53e23f]" name="getDeviceStatus" duration-ms="295" started-at="2019-04-10T19:42:58Z" description="查询设备状态" data-provider="dataprovider" finished-at="2019-04-10T19:42:58Z">
          <params>
            <param index="0">
              <value>
                <![CDATA[18150]]>
              </value>
            </param>
            <param index="1">
              <value>
                <![CDATA[KONKE_ZIGBEE_INFRARED_CODELIB]]>
              </value>
            </param>
          </params>
          <exception class="com.alibaba.fastjson.JSONException">
            <message>
              <![CDATA[syntax error, pos 1, line 1, column 2<html>
<head>
<meta http-equiv="Content-Type" content="text/html;charset=utf-8"/>
<title>Error 403 No valid crumb was included in the request</title>
</head>
<body><h2>HTTP ERROR 403</h2>
<p>Problem accessing /null%3A4432/1.0/app/cculist. Reason:
<pre>    No valid crumb was included in the request</pre></p><hr><a href="http://eclipse.org/jetty">Powered by Jetty:// 9.4.z-SNAPSHOT</a><hr/>

</body>
</html>
]]>
            </message>
            <full-stacktrace>
              <![CDATA[com.alibaba.fastjson.JSONException: syntax error, pos 1, line 1, column 2<html>
<head>
<meta http-equiv="Content-Type" content="text/html;charset=utf-8"/>
<title>Error 403 No valid crumb was included in the request</title>
</head>
<body><h2>HTTP ERROR 403</h2>
<p>Problem accessing /null%3A4432/1.0/app/cculist. Reason:
<pre>    No valid crumb was included in the request</pre></p><hr><a href="http://eclipse.org/jetty">Powered by Jetty:// 9.4.z-SNAPSHOT</a><hr/>

</body>
</html>

	at com.alibaba.fastjson.parser.DefaultJSONParser.parse(DefaultJSONParser.java:1460)
	at com.alibaba.fastjson.parser.DefaultJSONParser.parse(DefaultJSONParser.java:1346)
	at com.alibaba.fastjson.JSON.parse(JSON.java:156)
	at com.alibaba.fastjson.JSON.parse(JSON.java:166)
	at com.alibaba.fastjson.JSON.parse(JSON.java:135)
	at com.alibaba.fastjson.JSON.parseObject(JSON.java:227)
	at com.rest.autotest.http.GetCcuList.GetCcuId(GetCcuList.java:80)
	at com.rest.autotest.http.GetDeviceStatus.getccuid(GetDeviceStatus.java:46)
	at com.rest.autotest.http.GetDeviceStatus.seturl(GetDeviceStatus.java:66)
	at com.rest.autotest.http.GetDeviceStatus.getDeviceStatus(GetDeviceStatus.java:58)
	at sun.reflect.NativeMethodAccessorImpl.invoke0(Native Method)
	at sun.reflect.NativeMethodAccessorImpl.invoke(NativeMethodAccessorImpl.java:62)
	at sun.reflect.DelegatingMethodAccessorImpl.invoke(DelegatingMethodAccessorImpl.java:43)
	at java.lang.reflect.Method.invoke(Method.java:498)
	at org.testng.internal.MethodInvocationHelper.invokeMethod(MethodInvocationHelper.java:108)
	at org.testng.internal.Invoker.invokeMethod(Invoker.java:661)
	at org.testng.internal.Invoker.invokeTestMethod(Invoker.java:869)
	at org.testng.internal.TestMethodWithDataProviderMethodWorker.call(TestMethodWithDataProviderMethodWorker.java:75)
	at org.testng.internal.TestMethodWithDataProviderMethodWorker.call(TestMethodWithDataProviderMethodWorker.java:14)
	at java.util.concurrent.FutureTask.run(FutureTask.java:266)
	at java.util.concurrent.Executors$RunnableAdapter.call(Executors.java:511)
	at java.util.concurrent.FutureTask.run(FutureTask.java:266)
	at java.util.concurrent.ThreadPoolExecutor.runWorker(ThreadPoolExecutor.java:1149)
	at java.util.concurrent.ThreadPoolExecutor$Worker.run(ThreadPoolExecutor.java:624)
	at java.lang.Thread.run(Thread.java:748)
]]>
            </full-stacktrace>
          </exception> <!-- com.alibaba.fastjson.JSONException -->
          <reporter-output>
          </reporter-output>
        </test-method> <!-- getDeviceStatus -->
        <test-method status="PASS" signature="getDeviceStatus(int, java.lang.String)[pri:0, instance:com.rest.autotest.http.GetDeviceStatus@6b53e23f]" name="getDeviceStatus" duration-ms="967" started-at="2019-04-10T19:42:58Z" description="查询设备状态" data-provider="dataprovider" finished-at="2019-04-10T19:42:59Z">
          <params>
            <param index="0">
              <value>
                <![CDATA[17646]]>
              </value>
            </param>
            <param index="1">
              <value>
                <![CDATA[KONKE_ZIGBEE_10A_SOCKET]]>
              </value>
            </param>
          </params>
          <reporter-output>
          </reporter-output>
        </test-method> <!-- getDeviceStatus -->
        <test-method status="PASS" signature="getDeviceStatus(int, java.lang.String)[pri:0, instance:com.rest.autotest.http.GetDeviceStatus@6b53e23f]" name="getDeviceStatus" duration-ms="3840" started-at="2019-04-10T19:42:58Z" description="查询设备状态" data-provider="dataprovider" finished-at="2019-04-10T19:43:01Z">
          <params>
            <param index="0">
              <value>
                <![CDATA[17958]]>
              </value>
            </param>
            <param index="1">
              <value>
                <![CDATA[KONKE_ZIGBEE_LIGHT]]>
              </value>
            </param>
          </params>
          <reporter-output>
          </reporter-output>
        </test-method> <!-- getDeviceStatus -->
        <test-method status="PASS" signature="getDeviceStatus(int, java.lang.String)[pri:0, instance:com.rest.autotest.http.GetDeviceStatus@6b53e23f]" name="getDeviceStatus" duration-ms="3816" started-at="2019-04-10T19:42:58Z" description="查询设备状态" data-provider="dataprovider" finished-at="2019-04-10T19:43:01Z">
          <params>
            <param index="0">
              <value>
                <![CDATA[17644]]>
              </value>
            </param>
            <param index="1">
              <value>
                <![CDATA[KONKE_ZIGBEE_10A_SOCKET]]>
              </value>
            </param>
          </params>
          <reporter-output>
          </reporter-output>
        </test-method> <!-- getDeviceStatus -->
        <test-method status="FAIL" signature="getDeviceStatus(int, java.lang.String)[pri:0, instance:com.rest.autotest.http.GetDeviceStatus@6b53e23f]" name="getDeviceStatus" duration-ms="157" started-at="2019-04-10T19:42:58Z" description="查询设备状态" data-provider="dataprovider" finished-at="2019-04-10T19:42:58Z">
          <params>
            <param index="0">
              <value>
                <![CDATA[17791]]>
              </value>
            </param>
            <param index="1">
              <value>
                <![CDATA[KONKE_ZIGBEE_KIT_DoorContact]]>
              </value>
            </param>
          </params>
          <exception class="java.net.MalformedURLException">
            <message>
              <![CDATA[For input string: "4432null"]]>
            </message>
            <full-stacktrace>
              <![CDATA[java.net.MalformedURLException: For input string: "4432null"
	at java.net.URL.<init>(URL.java:627)
	at java.net.URL.<init>(URL.java:490)
	at java.net.URL.<init>(URL.java:439)
	at sun.reflect.GeneratedConstructorAccessor15.newInstance(Unknown Source)
	at sun.reflect.DelegatingConstructorAccessorImpl.newInstance(DelegatingConstructorAccessorImpl.java:45)
	at java.lang.reflect.Constructor.newInstance(Constructor.java:423)
	at org.codehaus.groovy.reflection.CachedConstructor.invoke(CachedConstructor.java:83)
	at org.codehaus.groovy.runtime.callsite.ConstructorSite$ConstructorSiteNoUnwrapNoCoerce.callConstructor(ConstructorSite.java:105)
	at org.codehaus.groovy.runtime.callsite.AbstractCallSite.callConstructor(AbstractCallSite.java:247)
	at io.restassured.internal.RequestSpecificationImpl.getTargetURI(RequestSpecificationImpl.groovy:1624)
	at sun.reflect.GeneratedMethodAccessor23.invoke(Unknown Source)
	at sun.reflect.DelegatingMethodAccessorImpl.invoke(DelegatingMethodAccessorImpl.java:43)
	at java.lang.reflect.Method.invoke(Method.java:498)
	at org.codehaus.groovy.reflection.CachedMethod.invoke(CachedMethod.java:93)
	at groovy.lang.MetaMethod.doMethodInvoke(MetaMethod.java:325)
	at groovy.lang.MetaClassImpl.invokeMethod(MetaClassImpl.java:1213)
	at groovy.lang.MetaClassImpl.invokeMethod(MetaClassImpl.java:1022)
	at groovy.lang.MetaClassImpl.invokeMethod(MetaClassImpl.java:810)
	at io.restassured.internal.RequestSpecificationImpl.invokeMethod(RequestSpecificationImpl.groovy)
	at org.codehaus.groovy.runtime.callsite.PogoInterceptableSite.call(PogoInterceptableSite.java:48)
	at org.codehaus.groovy.runtime.callsite.PogoInterceptableSite.callCurrent(PogoInterceptableSite.java:58)
	at org.codehaus.groovy.runtime.callsite.AbstractCallSite.callCurrent(AbstractCallSite.java:166)
	at io.restassured.internal.RequestSpecificationImpl.partiallyApplyPathParams(RequestSpecificationImpl.groovy:1760)
	at sun.reflect.GeneratedMethodAccessor26.invoke(Unknown Source)
	at sun.reflect.DelegatingMethodAccessorImpl.invoke(DelegatingMethodAccessorImpl.java:43)
	at java.lang.reflect.Method.invoke(Method.java:498)
	at org.codehaus.groovy.reflection.CachedMethod.invoke(CachedMethod.java:93)
	at groovy.lang.MetaMethod.doMethodInvoke(MetaMethod.java:325)
	at groovy.lang.MetaClassImpl.invokeMethod(MetaClassImpl.java:1213)
	at groovy.lang.MetaClassImpl.invokeMethod(MetaClassImpl.java:1022)
	at groovy.lang.MetaClassImpl.invokeMethod(MetaClassImpl.java:810)
	at io.restassured.internal.RequestSpecificationImpl.invokeMethod(RequestSpecificationImpl.groovy)
	at org.codehaus.groovy.runtime.callsite.PogoInterceptableSite.call(PogoInterceptableSite.java:48)
	at org.codehaus.groovy.runtime.callsite.PogoInterceptableSite.callCurrent(PogoInterceptableSite.java:58)
	at org.codehaus.groovy.runtime.callsite.AbstractCallSite.callCurrent(AbstractCallSite.java:182)
	at io.restassured.internal.RequestSpecificationImpl.newFilterContext(RequestSpecificationImpl.groovy:1153)
	at sun.reflect.GeneratedMethodAccessor34.invoke(Unknown Source)
	at sun.reflect.DelegatingMethodAccessorImpl.invoke(DelegatingMethodAccessorImpl.java:43)
	at java.lang.reflect.Method.invoke(Method.java:498)
	at org.codehaus.groovy.reflection.CachedMethod.invoke(CachedMethod.java:93)
	at groovy.lang.MetaMethod.doMethodInvoke(MetaMethod.java:325)
	at groovy.lang.MetaClassImpl.invokeMethod(MetaClassImpl.java:1213)
	at groovy.lang.MetaClassImpl.invokeMethod(MetaClassImpl.java:1022)
	at groovy.lang.MetaClassImpl.invokeMethod(MetaClassImpl.java:810)
	at io.restassured.internal.RequestSpecificationImpl.invokeMethod(RequestSpecificationImpl.groovy)
	at org.codehaus.groovy.runtime.callsite.PogoInterceptableSite.call(PogoInterceptableSite.java:48)
	at org.codehaus.groovy.runtime.callsite.PogoInterceptableSite.callCurrent(PogoInterceptableSite.java:58)
	at org.codehaus.groovy.runtime.callsite.AbstractCallSite.callCurrent(AbstractCallSite.java:182)
	at io.restassured.internal.RequestSpecificationImpl.applyPathParamsAndSendRequest(RequestSpecificationImpl.groovy:1730)
	at sun.reflect.NativeMethodAccessorImpl.invoke0(Native Method)
	at sun.reflect.NativeMethodAccessorImpl.invoke(NativeMethodAccessorImpl.java:62)
	at sun.reflect.DelegatingMethodAccessorImpl.invoke(DelegatingMethodAccessorImpl.java:43)
	at java.lang.reflect.Method.invoke(Method.java:498)
	at org.codehaus.groovy.reflection.CachedMethod.invoke(CachedMethod.java:93)
	at groovy.lang.MetaMethod.doMethodInvoke(MetaMethod.java:325)
	at groovy.lang.MetaClassImpl.invokeMethod(MetaClassImpl.java:1213)
	at groovy.lang.MetaClassImpl.invokeMethod(MetaClassImpl.java:1022)
	at groovy.lang.MetaClassImpl.invokeMethod(MetaClassImpl.java:810)
	at io.restassured.internal.RequestSpecificationImpl.invokeMethod(RequestSpecificationImpl.groovy)
	at org.codehaus.groovy.runtime.callsite.PogoInterceptableSite.call(PogoInterceptableSite.java:48)
	at org.codehaus.groovy.runtime.callsite.PogoInterceptableSite.callCurrent(PogoInterceptableSite.java:58)
	at org.codehaus.groovy.runtime.callsite.AbstractCallSite.callCurrent(AbstractCallSite.java:182)
	at io.restassured.internal.RequestSpecificationImpl.applyPathParamsAndSendRequest(RequestSpecificationImpl.groovy:1738)
	at sun.reflect.NativeMethodAccessorImpl.invoke0(Native Method)
	at sun.reflect.NativeMethodAccessorImpl.invoke(NativeMethodAccessorImpl.java:62)
	at sun.reflect.DelegatingMethodAccessorImpl.invoke(DelegatingMethodAccessorImpl.java:43)
	at java.lang.reflect.Method.invoke(Method.java:498)
	at org.codehaus.groovy.reflection.CachedMethod.invoke(CachedMethod.java:93)
	at groovy.lang.MetaMethod.doMethodInvoke(MetaMethod.java:325)
	at groovy.lang.MetaClassImpl.invokeMethod(MetaClassImpl.java:1213)
	at groovy.lang.MetaClassImpl.invokeMethod(MetaClassImpl.java:1022)
	at groovy.lang.MetaClassImpl.invokeMethod(MetaClassImpl.java:810)
	at io.restassured.internal.RequestSpecificationImpl.invokeMethod(RequestSpecificationImpl.groovy)
	at org.codehaus.groovy.runtime.callsite.PogoInterceptableSite.call(PogoInterceptableSite.java:48)
	at org.codehaus.groovy.runtime.callsite.PogoInterceptableSite.callCurrent(PogoInterceptableSite.java:58)
	at org.codehaus.groovy.runtime.callsite.AbstractCallSite.callCurrent(AbstractCallSite.java:182)
	at io.restassured.internal.RequestSpecificationImpl.post(RequestSpecificationImpl.groovy:174)
	at io.restassured.internal.RequestSpecificationImpl.post(RequestSpecificationImpl.groovy)
	at com.rest.autotest.http.GetCcuList.GetCcuList(GetCcuList.java:68)
	at com.rest.autotest.http.GetDeviceStatus.getccuid(GetDeviceStatus.java:45)
	at com.rest.autotest.http.GetDeviceStatus.seturl(GetDeviceStatus.java:66)
	at com.rest.autotest.http.GetDeviceStatus.getDeviceStatus(GetDeviceStatus.java:58)
	at sun.reflect.NativeMethodAccessorImpl.invoke0(Native Method)
	at sun.reflect.NativeMethodAccessorImpl.invoke(NativeMethodAccessorImpl.java:62)
	at sun.reflect.DelegatingMethodAccessorImpl.invoke(DelegatingMethodAccessorImpl.java:43)
	at java.lang.reflect.Method.invoke(Method.java:498)
	at org.testng.internal.MethodInvocationHelper.invokeMethod(MethodInvocationHelper.java:108)
	at org.testng.internal.Invoker.invokeMethod(Invoker.java:661)
	at org.testng.internal.Invoker.invokeTestMethod(Invoker.java:869)
	at org.testng.internal.TestMethodWithDataProviderMethodWorker.call(TestMethodWithDataProviderMethodWorker.java:75)
	at org.testng.internal.TestMethodWithDataProviderMethodWorker.call(TestMethodWithDataProviderMethodWorker.java:14)
	at java.util.concurrent.FutureTask.run(FutureTask.java:266)
	at java.util.concurrent.Executors$RunnableAdapter.call(Executors.java:511)
	at java.util.concurrent.FutureTask.run(FutureTask.java:266)
	at java.util.concurrent.ThreadPoolExecutor.runWorker(ThreadPoolExecutor.java:1149)
	at java.util.concurrent.ThreadPoolExecutor$Worker.run(ThreadPoolExecutor.java:624)
	at java.lang.Thread.run(Thread.java:748)
Caused by: java.lang.NumberFormatException: For input string: "4432null"
	at java.lang.NumberFormatException.forInputString(NumberFormatException.java:65)
	at java.lang.Integer.parseInt(Integer.java:580)
	at java.lang.Integer.parseInt(Integer.java:615)
	at java.net.URLStreamHandler.parseURL(URLStreamHandler.java:222)
	at java.net.URL.<init>(URL.java:622)
	... 96 more
]]>
            </full-stacktrace>
          </exception> <!-- java.net.MalformedURLException -->
          <reporter-output>
          </reporter-output>
        </test-method> <!-- getDeviceStatus -->
        <test-method status="FAIL" signature="getDeviceStatus(int, java.lang.String)[pri:0, instance:com.rest.autotest.http.GetDeviceStatus@6b53e23f]" name="getDeviceStatus" duration-ms="3664" started-at="2019-04-10T19:42:58Z" description="查询设备状态" data-provider="dataprovider" finished-at="2019-04-10T19:43:01Z">
          <params>
            <param index="0">
              <value>
                <![CDATA[18149]]>
              </value>
            </param>
            <param index="1">
              <value>
                <![CDATA[KONKE_ZIGBEE_INFRARED_CODELIB]]>
              </value>
            </param>
          </params>
          <exception class="com.alibaba.fastjson.JSONException">
            <message>
              <![CDATA[syntax error, pos 1, line 1, column 2Access is denied]]>
            </message>
            <full-stacktrace>
              <![CDATA[com.alibaba.fastjson.JSONException: syntax error, pos 1, line 1, column 2Access is denied
	at com.alibaba.fastjson.parser.DefaultJSONParser.parse(DefaultJSONParser.java:1460)
	at com.alibaba.fastjson.parser.DefaultJSONParser.parse(DefaultJSONParser.java:1346)
	at com.alibaba.fastjson.JSON.parse(JSON.java:156)
	at com.alibaba.fastjson.JSON.parse(JSON.java:166)
	at com.alibaba.fastjson.JSON.parse(JSON.java:135)
	at com.alibaba.fastjson.JSONObject.getJSONArray(JSONObject.java:145)
	at com.rest.autotest.http.GetCcuList.GetCcuId(GetCcuList.java:81)
	at com.rest.autotest.http.GetDeviceList.getccuid(GetDeviceList.java:37)
	at com.rest.autotest.http.GetDeviceList.getdevicelist(GetDeviceList.java:55)
	at com.rest.autotest.data.DataBuilder.statusdatabuilder(DataBuilder.java:90)
	at com.rest.autotest.asserts.StatusResponseAsserts.statusResponseAsserts(StatusResponseAsserts.java:28)
	at com.rest.autotest.http.GetDeviceStatus.assertres(GetDeviceStatus.java:92)
	at com.rest.autotest.http.GetDeviceStatus.getDeviceStatus(GetDeviceStatus.java:61)
	at sun.reflect.NativeMethodAccessorImpl.invoke0(Native Method)
	at sun.reflect.NativeMethodAccessorImpl.invoke(NativeMethodAccessorImpl.java:62)
	at sun.reflect.DelegatingMethodAccessorImpl.invoke(DelegatingMethodAccessorImpl.java:43)
	at java.lang.reflect.Method.invoke(Method.java:498)
	at org.testng.internal.MethodInvocationHelper.invokeMethod(MethodInvocationHelper.java:108)
	at org.testng.internal.Invoker.invokeMethod(Invoker.java:661)
	at org.testng.internal.Invoker.invokeTestMethod(Invoker.java:869)
	at org.testng.internal.TestMethodWithDataProviderMethodWorker.call(TestMethodWithDataProviderMethodWorker.java:75)
	at org.testng.internal.TestMethodWithDataProviderMethodWorker.call(TestMethodWithDataProviderMethodWorker.java:14)
	at java.util.concurrent.FutureTask.run(FutureTask.java:266)
	at java.util.concurrent.Executors$RunnableAdapter.call(Executors.java:511)
	at java.util.concurrent.FutureTask.run(FutureTask.java:266)
	at java.util.concurrent.ThreadPoolExecutor.runWorker(ThreadPoolExecutor.java:1149)
	at java.util.concurrent.ThreadPoolExecutor$Worker.run(ThreadPoolExecutor.java:624)
	at java.lang.Thread.run(Thread.java:748)
]]>
            </full-stacktrace>
          </exception> <!-- com.alibaba.fastjson.JSONException -->
          <reporter-output>
          </reporter-output>
        </test-method> <!-- getDeviceStatus -->
        <test-method status="PASS" signature="getDeviceStatus(int, java.lang.String)[pri:0, instance:com.rest.autotest.http.GetDeviceStatus@6b53e23f]" name="getDeviceStatus" duration-ms="940" started-at="2019-04-10T19:42:58Z" description="查询设备状态" data-provider="dataprovider" finished-at="2019-04-10T19:42:59Z">
          <params>
            <param index="0">
              <value>
                <![CDATA[18196]]>
              </value>
            </param>
            <param index="1">
              <value>
                <![CDATA[KONKE_ZIGBEE_K2PRO_SOCKET]]>
              </value>
            </param>
          </params>
          <reporter-output>
          </reporter-output>
        </test-method> <!-- getDeviceStatus -->
        <test-method status="PASS" signature="getDeviceStatus(int, java.lang.String)[pri:0, instance:com.rest.autotest.http.GetDeviceStatus@6b53e23f]" name="getDeviceStatus" duration-ms="938" started-at="2019-04-10T19:42:58Z" description="查询设备状态" data-provider="dataprovider" finished-at="2019-04-10T19:42:59Z">
          <params>
            <param index="0">
              <value>
                <![CDATA[17968]]>
              </value>
            </param>
            <param index="1">
              <value>
                <![CDATA[KONKE_ZIGBEE_LIGHT]]>
              </value>
            </param>
          </params>
          <reporter-output>
          </reporter-output>
        </test-method> <!-- getDeviceStatus -->
        <test-method status="PASS" signature="getDeviceStatus(int, java.lang.String)[pri:0, instance:com.rest.autotest.http.GetDeviceStatus@6b53e23f]" name="getDeviceStatus" duration-ms="804" started-at="2019-04-10T19:42:58Z" description="查询设备状态" data-provider="dataprovider" finished-at="2019-04-10T19:42:58Z">
          <params>
            <param index="0">
              <value>
                <![CDATA[17970]]>
              </value>
            </param>
            <param index="1">
              <value>
                <![CDATA[KONKE_ZIGBEE_LIGHT]]>
              </value>
            </param>
          </params>
          <reporter-output>
          </reporter-output>
        </test-method> <!-- getDeviceStatus -->
        <test-method status="PASS" signature="getDeviceStatus(int, java.lang.String)[pri:0, instance:com.rest.autotest.http.GetDeviceStatus@6b53e23f]" name="getDeviceStatus" duration-ms="692" started-at="2019-04-10T19:42:58Z" description="查询设备状态" data-provider="dataprovider" finished-at="2019-04-10T19:42:59Z">
          <params>
            <param index="0">
              <value>
                <![CDATA[18204]]>
              </value>
            </param>
            <param index="1">
              <value>
                <![CDATA[KONKE_ZIGBEE_LIGHT]]>
              </value>
            </param>
          </params>
          <reporter-output>
          </reporter-output>
        </test-method> <!-- getDeviceStatus -->
        <test-method status="PASS" signature="getDeviceStatus(int, java.lang.String)[pri:0, instance:com.rest.autotest.http.GetDeviceStatus@6b53e23f]" name="getDeviceStatus" duration-ms="752" started-at="2019-04-10T19:42:58Z" description="查询设备状态" data-provider="dataprovider" finished-at="2019-04-10T19:42:59Z">
          <params>
            <param index="0">
              <value>
                <![CDATA[18208]]>
              </value>
            </param>
            <param index="1">
              <value>
                <![CDATA[KONKE_ZIGBEE_LIGHT]]>
              </value>
            </param>
          </params>
          <reporter-output>
          </reporter-output>
        </test-method> <!-- getDeviceStatus -->
        <test-method status="PASS" signature="getDeviceStatus(int, java.lang.String)[pri:0, instance:com.rest.autotest.http.GetDeviceStatus@6b53e23f]" name="getDeviceStatus" duration-ms="604" started-at="2019-04-10T19:42:58Z" description="查询设备状态" data-provider="dataprovider" finished-at="2019-04-10T19:42:59Z">
          <params>
            <param index="0">
              <value>
                <![CDATA[17956]]>
              </value>
            </param>
            <param index="1">
              <value>
                <![CDATA[KONKE_ZIGBEE_LIGHT]]>
              </value>
            </param>
          </params>
          <reporter-output>
          </reporter-output>
        </test-method> <!-- getDeviceStatus -->
        <test-method status="PASS" signature="getDeviceStatus(int, java.lang.String)[pri:0, instance:com.rest.autotest.http.GetDeviceStatus@6b53e23f]" name="getDeviceStatus" duration-ms="599" started-at="2019-04-10T19:42:58Z" description="查询设备状态" data-provider="dataprovider" finished-at="2019-04-10T19:42:59Z">
          <params>
            <param index="0">
              <value>
                <![CDATA[17959]]>
              </value>
            </param>
            <param index="1">
              <value>
                <![CDATA[KONKE_ZIGBEE_LIGHT]]>
              </value>
            </param>
          </params>
          <reporter-output>
          </reporter-output>
        </test-method> <!-- getDeviceStatus -->
        <test-method status="PASS" signature="getDeviceStatus(int, java.lang.String)[pri:0, instance:com.rest.autotest.http.GetDeviceStatus@6b53e23f]" name="getDeviceStatus" duration-ms="520" started-at="2019-04-10T19:42:59Z" description="查询设备状态" data-provider="dataprovider" finished-at="2019-04-10T19:42:59Z">
          <params>
            <param index="0">
              <value>
                <![CDATA[18142]]>
              </value>
            </param>
            <param index="1">
              <value>
                <![CDATA[KONKE_ZIGBEE_INFRARED_CODELIB]]>
              </value>
            </param>
          </params>
          <reporter-output>
          </reporter-output>
        </test-method> <!-- getDeviceStatus -->
        <test-method status="PASS" signature="getDeviceStatus(int, java.lang.String)[pri:0, instance:com.rest.autotest.http.GetDeviceStatus@6b53e23f]" name="getDeviceStatus" duration-ms="599" started-at="2019-04-10T19:42:59Z" description="查询设备状态" data-provider="dataprovider" finished-at="2019-04-10T19:42:59Z">
          <params>
            <param index="0">
              <value>
                <![CDATA[17971]]>
              </value>
            </param>
            <param index="1">
              <value>
                <![CDATA[KONKE_ZIGBEE_LIGHT]]>
              </value>
            </param>
          </params>
          <reporter-output>
          </reporter-output>
        </test-method> <!-- getDeviceStatus -->
        <test-method status="PASS" signature="getDeviceStatus(int, java.lang.String)[pri:0, instance:com.rest.autotest.http.GetDeviceStatus@6b53e23f]" name="getDeviceStatus" duration-ms="553" started-at="2019-04-10T19:42:59Z" description="查询设备状态" data-provider="dataprovider" finished-at="2019-04-10T19:42:59Z">
          <params>
            <param index="0">
              <value>
                <![CDATA[18143]]>
              </value>
            </param>
            <param index="1">
              <value>
                <![CDATA[KONKE_ZIGBEE_INFRARED_CODELIB]]>
              </value>
            </param>
          </params>
          <reporter-output>
          </reporter-output>
        </test-method> <!-- getDeviceStatus -->
        <test-method status="PASS" signature="getDeviceStatus(int, java.lang.String)[pri:0, instance:com.rest.autotest.http.GetDeviceStatus@6b53e23f]" name="getDeviceStatus" duration-ms="535" started-at="2019-04-10T19:42:59Z" description="查询设备状态" data-provider="dataprovider" finished-at="2019-04-10T19:42:59Z">
          <params>
            <param index="0">
              <value>
                <![CDATA[18158]]>
              </value>
            </param>
            <param index="1">
              <value>
                <![CDATA[KONKE_ZIGBEE_WindowPusher]]>
              </value>
            </param>
          </params>
          <reporter-output>
          </reporter-output>
        </test-method> <!-- getDeviceStatus -->
        <test-method status="PASS" signature="getDeviceStatus(int, java.lang.String)[pri:0, instance:com.rest.autotest.http.GetDeviceStatus@6b53e23f]" name="getDeviceStatus" duration-ms="580" started-at="2019-04-10T19:42:59Z" description="查询设备状态" data-provider="dataprovider" finished-at="2019-04-10T19:42:59Z">
          <params>
            <param index="0">
              <value>
                <![CDATA[18162]]>
              </value>
            </param>
            <param index="1">
              <value>
                <![CDATA[KONKE_ZIGBEE_CURTAIN]]>
              </value>
            </param>
          </params>
          <reporter-output>
          </reporter-output>
        </test-method> <!-- getDeviceStatus -->
        <test-method status="PASS" signature="getDeviceStatus(int, java.lang.String)[pri:0, instance:com.rest.autotest.http.GetDeviceStatus@6b53e23f]" name="getDeviceStatus" duration-ms="614" started-at="2019-04-10T19:42:59Z" description="查询设备状态" data-provider="dataprovider" finished-at="2019-04-10T19:43:00Z">
          <params>
            <param index="0">
              <value>
                <![CDATA[18210]]>
              </value>
            </param>
            <param index="1">
              <value>
                <![CDATA[KONKE_ZIGBEE_LIGHT]]>
              </value>
            </param>
          </params>
          <reporter-output>
          </reporter-output>
        </test-method> <!-- getDeviceStatus -->
        <test-method status="PASS" signature="getDeviceStatus(int, java.lang.String)[pri:0, instance:com.rest.autotest.http.GetDeviceStatus@6b53e23f]" name="getDeviceStatus" duration-ms="631" started-at="2019-04-10T19:42:59Z" description="查询设备状态" data-provider="dataprovider" finished-at="2019-04-10T19:43:00Z">
          <params>
            <param index="0">
              <value>
                <![CDATA[17657]]>
              </value>
            </param>
            <param index="1">
              <value>
                <![CDATA[KONKE_ZIGBEE_10A_SOCKET]]>
              </value>
            </param>
          </params>
          <reporter-output>
          </reporter-output>
        </test-method> <!-- getDeviceStatus -->
        <test-method status="PASS" signature="getDeviceStatus(int, java.lang.String)[pri:0, instance:com.rest.autotest.http.GetDeviceStatus@6b53e23f]" name="getDeviceStatus" duration-ms="550" started-at="2019-04-10T19:42:59Z" description="查询设备状态" data-provider="dataprovider" finished-at="2019-04-10T19:43:00Z">
          <params>
            <param index="0">
              <value>
                <![CDATA[18213]]>
              </value>
            </param>
            <param index="1">
              <value>
                <![CDATA[KONKE_ZIGBEE_LIGHT]]>
              </value>
            </param>
          </params>
          <reporter-output>
          </reporter-output>
        </test-method> <!-- getDeviceStatus -->
        <test-method status="PASS" signature="getDeviceStatus(int, java.lang.String)[pri:0, instance:com.rest.autotest.http.GetDeviceStatus@6b53e23f]" name="getDeviceStatus" duration-ms="577" started-at="2019-04-10T19:42:59Z" description="查询设备状态" data-provider="dataprovider" finished-at="2019-04-10T19:43:00Z">
          <params>
            <param index="0">
              <value>
                <![CDATA[18214]]>
              </value>
            </param>
            <param index="1">
              <value>
                <![CDATA[KONKE_ZIGBEE_LIGHT]]>
              </value>
            </param>
          </params>
          <reporter-output>
          </reporter-output>
        </test-method> <!-- getDeviceStatus -->
        <test-method status="PASS" signature="getDeviceStatus(int, java.lang.String)[pri:0, instance:com.rest.autotest.http.GetDeviceStatus@6b53e23f]" name="getDeviceStatus" duration-ms="643" started-at="2019-04-10T19:42:59Z" description="查询设备状态" data-provider="dataprovider" finished-at="2019-04-10T19:43:00Z">
          <params>
            <param index="0">
              <value>
                <![CDATA[18092]]>
              </value>
            </param>
            <param index="1">
              <value>
                <![CDATA[KONKE_ZIGBEE_SHORTCUTPANEL_PowerSupply]]>
              </value>
            </param>
          </params>
          <reporter-output>
          </reporter-output>
        </test-method> <!-- getDeviceStatus -->
        <test-method status="PASS" signature="getDeviceStatus(int, java.lang.String)[pri:0, instance:com.rest.autotest.http.GetDeviceStatus@6b53e23f]" name="getDeviceStatus" duration-ms="642" started-at="2019-04-10T19:42:59Z" description="查询设备状态" data-provider="dataprovider" finished-at="2019-04-10T19:43:00Z">
          <params>
            <param index="0">
              <value>
                <![CDATA[17914]]>
              </value>
            </param>
            <param index="1">
              <value>
                <![CDATA[KONKE_ZIGBEE_SHORTCUTPANEL_PowerSupply]]>
              </value>
            </param>
          </params>
          <reporter-output>
          </reporter-output>
        </test-method> <!-- getDeviceStatus -->
        <test-method status="PASS" signature="getDeviceStatus(int, java.lang.String)[pri:0, instance:com.rest.autotest.http.GetDeviceStatus@6b53e23f]" name="getDeviceStatus" duration-ms="628" started-at="2019-04-10T19:42:59Z" description="查询设备状态" data-provider="dataprovider" finished-at="2019-04-10T19:43:00Z">
          <params>
            <param index="0">
              <value>
                <![CDATA[18198]]>
              </value>
            </param>
            <param index="1">
              <value>
                <![CDATA[KONKE_ZIGBEE_LIGHT]]>
              </value>
            </param>
          </params>
          <reporter-output>
          </reporter-output>
        </test-method> <!-- getDeviceStatus -->
        <test-method status="PASS" signature="getDeviceStatus(int, java.lang.String)[pri:0, instance:com.rest.autotest.http.GetDeviceStatus@6b53e23f]" name="getDeviceStatus" duration-ms="579" started-at="2019-04-10T19:43:00Z" description="查询设备状态" data-provider="dataprovider" finished-at="2019-04-10T19:43:00Z">
          <params>
            <param index="0">
              <value>
                <![CDATA[18199]]>
              </value>
            </param>
            <param index="1">
              <value>
                <![CDATA[KONKE_ZIGBEE_LIGHT]]>
              </value>
            </param>
          </params>
          <reporter-output>
          </reporter-output>
        </test-method> <!-- getDeviceStatus -->
        <test-method status="PASS" signature="getDeviceStatus(int, java.lang.String)[pri:0, instance:com.rest.autotest.http.GetDeviceStatus@6b53e23f]" name="getDeviceStatus" duration-ms="523" started-at="2019-04-10T19:43:00Z" description="查询设备状态" data-provider="dataprovider" finished-at="2019-04-10T19:43:00Z">
          <params>
            <param index="0">
              <value>
                <![CDATA[18202]]>
              </value>
            </param>
            <param index="1">
              <value>
                <![CDATA[KONKE_ZIGBEE_LIGHT]]>
              </value>
            </param>
          </params>
          <reporter-output>
          </reporter-output>
        </test-method> <!-- getDeviceStatus -->
        <test-method status="PASS" signature="getDeviceStatus(int, java.lang.String)[pri:0, instance:com.rest.autotest.http.GetDeviceStatus@6b53e23f]" name="getDeviceStatus" duration-ms="541" started-at="2019-04-10T19:43:00Z" description="查询设备状态" data-provider="dataprovider" finished-at="2019-04-10T19:43:00Z">
          <params>
            <param index="0">
              <value>
                <![CDATA[18207]]>
              </value>
            </param>
            <param index="1">
              <value>
                <![CDATA[KONKE_ZIGBEE_LIGHT]]>
              </value>
            </param>
          </params>
          <reporter-output>
          </reporter-output>
        </test-method> <!-- getDeviceStatus -->
        <test-method status="PASS" signature="getDeviceStatus(int, java.lang.String)[pri:0, instance:com.rest.autotest.http.GetDeviceStatus@6b53e23f]" name="getDeviceStatus" duration-ms="548" started-at="2019-04-10T19:43:00Z" description="查询设备状态" data-provider="dataprovider" finished-at="2019-04-10T19:43:00Z">
          <params>
            <param index="0">
              <value>
                <![CDATA[17659]]>
              </value>
            </param>
            <param index="1">
              <value>
                <![CDATA[KONKE_ZIGBEE_K2PRO_SOCKET]]>
              </value>
            </param>
          </params>
          <reporter-output>
          </reporter-output>
        </test-method> <!-- getDeviceStatus -->
        <test-method status="PASS" signature="getDeviceStatus(int, java.lang.String)[pri:0, instance:com.rest.autotest.http.GetDeviceStatus@6b53e23f]" name="getDeviceStatus" duration-ms="498" started-at="2019-04-10T19:43:00Z" description="查询设备状态" data-provider="dataprovider" finished-at="2019-04-10T19:43:00Z">
          <params>
            <param index="0">
              <value>
                <![CDATA[15930]]>
              </value>
            </param>
            <param index="1">
              <value>
                <![CDATA[KONKE_ZIGBEE_WATERSENSOR]]>
              </value>
            </param>
          </params>
          <reporter-output>
          </reporter-output>
        </test-method> <!-- getDeviceStatus -->
        <test-method status="PASS" signature="getDeviceStatus(int, java.lang.String)[pri:0, instance:com.rest.autotest.http.GetDeviceStatus@6b53e23f]" name="getDeviceStatus" duration-ms="571" started-at="2019-04-10T19:43:00Z" description="查询设备状态" data-provider="dataprovider" finished-at="2019-04-10T19:43:00Z">
          <params>
            <param index="0">
              <value>
                <![CDATA[18145]]>
              </value>
            </param>
            <param index="1">
              <value>
                <![CDATA[KONKE_ZIGBEE_INFRARED_CODELIB]]>
              </value>
            </param>
          </params>
          <reporter-output>
          </reporter-output>
        </test-method> <!-- getDeviceStatus -->
        <test-method status="PASS" signature="getDeviceStatus(int, java.lang.String)[pri:0, instance:com.rest.autotest.http.GetDeviceStatus@6b53e23f]" name="getDeviceStatus" duration-ms="599" started-at="2019-04-10T19:43:00Z" description="查询设备状态" data-provider="dataprovider" finished-at="2019-04-10T19:43:01Z">
          <params>
            <param index="0">
              <value>
                <![CDATA[18164]]>
              </value>
            </param>
            <param index="1">
              <value>
                <![CDATA[KONKE_ZIGBEE_16A_SOCKET]]>
              </value>
            </param>
          </params>
          <reporter-output>
          </reporter-output>
        </test-method> <!-- getDeviceStatus -->
        <test-method status="PASS" signature="getDeviceStatus(int, java.lang.String)[pri:0, instance:com.rest.autotest.http.GetDeviceStatus@6b53e23f]" name="getDeviceStatus" duration-ms="489" started-at="2019-04-10T19:43:00Z" description="查询设备状态" data-provider="dataprovider" finished-at="2019-04-10T19:43:01Z">
          <params>
            <param index="0">
              <value>
                <![CDATA[18203]]>
              </value>
            </param>
            <param index="1">
              <value>
                <![CDATA[KONKE_ZIGBEE_LIGHT]]>
              </value>
            </param>
          </params>
          <reporter-output>
          </reporter-output>
        </test-method> <!-- getDeviceStatus -->
        <test-method status="PASS" signature="getDeviceStatus(int, java.lang.String)[pri:0, instance:com.rest.autotest.http.GetDeviceStatus@6b53e23f]" name="getDeviceStatus" duration-ms="493" started-at="2019-04-10T19:43:00Z" description="查询设备状态" data-provider="dataprovider" finished-at="2019-04-10T19:43:01Z">
          <params>
            <param index="0">
              <value>
                <![CDATA[17903]]>
              </value>
            </param>
            <param index="1">
              <value>
                <![CDATA[KONKE_ZIGBEE_LIGHT]]>
              </value>
            </param>
          </params>
          <reporter-output>
          </reporter-output>
        </test-method> <!-- getDeviceStatus -->
        <test-method status="PASS" signature="getDeviceStatus(int, java.lang.String)[pri:0, instance:com.rest.autotest.http.GetDeviceStatus@6b53e23f]" name="getDeviceStatus" duration-ms="508" started-at="2019-04-10T19:43:00Z" description="查询设备状态" data-provider="dataprovider" finished-at="2019-04-10T19:43:01Z">
          <params>
            <param index="0">
              <value>
                <![CDATA[17955]]>
              </value>
            </param>
            <param index="1">
              <value>
                <![CDATA[KONKE_ZIGBEE_LIGHT]]>
              </value>
            </param>
          </params>
          <reporter-output>
          </reporter-output>
        </test-method> <!-- getDeviceStatus -->
        <test-method status="FAIL" signature="getDeviceStatus(int, java.lang.String)[pri:0, instance:com.rest.autotest.http.GetDeviceStatus@6b53e23f]" name="getDeviceStatus" duration-ms="340" started-at="2019-04-10T19:43:00Z" description="查询设备状态" data-provider="dataprovider" finished-at="2019-04-10T19:43:01Z">
          <params>
            <param index="0">
              <value>
                <![CDATA[17972]]>
              </value>
            </param>
            <param index="1">
              <value>
                <![CDATA[KONKE_ZIGBEE_LIGHT]]>
              </value>
            </param>
          </params>
          <exception class="java.net.MalformedURLException">
            <message>
              <![CDATA[For input string: "4432null"]]>
            </message>
            <full-stacktrace>
              <![CDATA[java.net.MalformedURLException: For input string: "4432null"
	at java.net.URL.<init>(URL.java:627)
	at java.net.URL.<init>(URL.java:490)
	at java.net.URL.<init>(URL.java:439)
	at sun.reflect.GeneratedConstructorAccessor15.newInstance(Unknown Source)
	at sun.reflect.DelegatingConstructorAccessorImpl.newInstance(DelegatingConstructorAccessorImpl.java:45)
	at java.lang.reflect.Constructor.newInstance(Constructor.java:423)
	at org.codehaus.groovy.reflection.CachedConstructor.invoke(CachedConstructor.java:83)
	at org.codehaus.groovy.runtime.callsite.ConstructorSite$ConstructorSiteNoUnwrapNoCoerce.callConstructor(ConstructorSite.java:105)
	at org.codehaus.groovy.runtime.callsite.AbstractCallSite.callConstructor(AbstractCallSite.java:247)
	at io.restassured.internal.RequestSpecificationImpl.getTargetURI(RequestSpecificationImpl.groovy:1624)
	at sun.reflect.GeneratedMethodAccessor23.invoke(Unknown Source)
	at sun.reflect.DelegatingMethodAccessorImpl.invoke(DelegatingMethodAccessorImpl.java:43)
	at java.lang.reflect.Method.invoke(Method.java:498)
	at org.codehaus.groovy.reflection.CachedMethod.invoke(CachedMethod.java:93)
	at groovy.lang.MetaMethod.doMethodInvoke(MetaMethod.java:325)
	at groovy.lang.MetaClassImpl.invokeMethod(MetaClassImpl.java:1213)
	at groovy.lang.MetaClassImpl.invokeMethod(MetaClassImpl.java:1022)
	at groovy.lang.MetaClassImpl.invokeMethod(MetaClassImpl.java:810)
	at io.restassured.internal.RequestSpecificationImpl.invokeMethod(RequestSpecificationImpl.groovy)
	at org.codehaus.groovy.runtime.callsite.PogoInterceptableSite.call(PogoInterceptableSite.java:48)
	at org.codehaus.groovy.runtime.callsite.PogoInterceptableSite.callCurrent(PogoInterceptableSite.java:58)
	at org.codehaus.groovy.runtime.callsite.AbstractCallSite.callCurrent(AbstractCallSite.java:166)
	at io.restassured.internal.RequestSpecificationImpl.partiallyApplyPathParams(RequestSpecificationImpl.groovy:1760)
	at sun.reflect.GeneratedMethodAccessor26.invoke(Unknown Source)
	at sun.reflect.DelegatingMethodAccessorImpl.invoke(DelegatingMethodAccessorImpl.java:43)
	at java.lang.reflect.Method.invoke(Method.java:498)
	at org.codehaus.groovy.reflection.CachedMethod.invoke(CachedMethod.java:93)
	at groovy.lang.MetaMethod.doMethodInvoke(MetaMethod.java:325)
	at groovy.lang.MetaClassImpl.invokeMethod(MetaClassImpl.java:1213)
	at groovy.lang.MetaClassImpl.invokeMethod(MetaClassImpl.java:1022)
	at groovy.lang.MetaClassImpl.invokeMethod(MetaClassImpl.java:810)
	at io.restassured.internal.RequestSpecificationImpl.invokeMethod(RequestSpecificationImpl.groovy)
	at org.codehaus.groovy.runtime.callsite.PogoInterceptableSite.call(PogoInterceptableSite.java:48)
	at org.codehaus.groovy.runtime.callsite.PogoInterceptableSite.callCurrent(PogoInterceptableSite.java:58)
	at org.codehaus.groovy.runtime.callsite.AbstractCallSite.callCurrent(AbstractCallSite.java:182)
	at io.restassured.internal.RequestSpecificationImpl.newFilterContext(RequestSpecificationImpl.groovy:1153)
	at sun.reflect.GeneratedMethodAccessor34.invoke(Unknown Source)
	at sun.reflect.DelegatingMethodAccessorImpl.invoke(DelegatingMethodAccessorImpl.java:43)
	at java.lang.reflect.Method.invoke(Method.java:498)
	at org.codehaus.groovy.reflection.CachedMethod.invoke(CachedMethod.java:93)
	at groovy.lang.MetaMethod.doMethodInvoke(MetaMethod.java:325)
	at groovy.lang.MetaClassImpl.invokeMethod(MetaClassImpl.java:1213)
	at groovy.lang.MetaClassImpl.invokeMethod(MetaClassImpl.java:1022)
	at groovy.lang.MetaClassImpl.invokeMethod(MetaClassImpl.java:810)
	at io.restassured.internal.RequestSpecificationImpl.invokeMethod(RequestSpecificationImpl.groovy)
	at org.codehaus.groovy.runtime.callsite.PogoInterceptableSite.call(PogoInterceptableSite.java:48)
	at org.codehaus.groovy.runtime.callsite.PogoInterceptableSite.callCurrent(PogoInterceptableSite.java:58)
	at org.codehaus.groovy.runtime.callsite.AbstractCallSite.callCurrent(AbstractCallSite.java:182)
	at io.restassured.internal.RequestSpecificationImpl.applyPathParamsAndSendRequest(RequestSpecificationImpl.groovy:1730)
	at sun.reflect.GeneratedMethodAccessor59.invoke(Unknown Source)
	at sun.reflect.DelegatingMethodAccessorImpl.invoke(DelegatingMethodAccessorImpl.java:43)
	at java.lang.reflect.Method.invoke(Method.java:498)
	at org.codehaus.groovy.reflection.CachedMethod.invoke(CachedMethod.java:93)
	at groovy.lang.MetaMethod.doMethodInvoke(MetaMethod.java:325)
	at groovy.lang.MetaClassImpl.invokeMethod(MetaClassImpl.java:1213)
	at groovy.lang.MetaClassImpl.invokeMethod(MetaClassImpl.java:1022)
	at groovy.lang.MetaClassImpl.invokeMethod(MetaClassImpl.java:810)
	at io.restassured.internal.RequestSpecificationImpl.invokeMethod(RequestSpecificationImpl.groovy)
	at org.codehaus.groovy.runtime.callsite.PogoInterceptableSite.call(PogoInterceptableSite.java:48)
	at org.codehaus.groovy.runtime.callsite.PogoInterceptableSite.callCurrent(PogoInterceptableSite.java:58)
	at org.codehaus.groovy.runtime.callsite.AbstractCallSite.callCurrent(AbstractCallSite.java:182)
	at io.restassured.internal.RequestSpecificationImpl.applyPathParamsAndSendRequest(RequestSpecificationImpl.groovy:1738)
	at sun.reflect.GeneratedMethodAccessor58.invoke(Unknown Source)
	at sun.reflect.DelegatingMethodAccessorImpl.invoke(DelegatingMethodAccessorImpl.java:43)
	at java.lang.reflect.Method.invoke(Method.java:498)
	at org.codehaus.groovy.reflection.CachedMethod.invoke(CachedMethod.java:93)
	at groovy.lang.MetaMethod.doMethodInvoke(MetaMethod.java:325)
	at groovy.lang.MetaClassImpl.invokeMethod(MetaClassImpl.java:1213)
	at groovy.lang.MetaClassImpl.invokeMethod(MetaClassImpl.java:1022)
	at groovy.lang.MetaClassImpl.invokeMethod(MetaClassImpl.java:810)
	at io.restassured.internal.RequestSpecificationImpl.invokeMethod(RequestSpecificationImpl.groovy)
	at org.codehaus.groovy.runtime.callsite.PogoInterceptableSite.call(PogoInterceptableSite.java:48)
	at org.codehaus.groovy.runtime.callsite.PogoInterceptableSite.callCurrent(PogoInterceptableSite.java:58)
	at org.codehaus.groovy.runtime.callsite.AbstractCallSite.callCurrent(AbstractCallSite.java:182)
	at io.restassured.internal.RequestSpecificationImpl.get(RequestSpecificationImpl.groovy:170)
	at io.restassured.internal.RequestSpecificationImpl.get(RequestSpecificationImpl.groovy)
	at com.rest.autotest.http.GetDeviceList.getdevicelist(GetDeviceList.java:63)
	at com.rest.autotest.data.DataBuilder.statusdatabuilder(DataBuilder.java:90)
	at com.rest.autotest.asserts.StatusResponseAsserts.statusResponseAsserts(StatusResponseAsserts.java:28)
	at com.rest.autotest.http.GetDeviceStatus.assertres(GetDeviceStatus.java:92)
	at com.rest.autotest.http.GetDeviceStatus.getDeviceStatus(GetDeviceStatus.java:61)
	at sun.reflect.GeneratedMethodAccessor155.invoke(Unknown Source)
	at sun.reflect.DelegatingMethodAccessorImpl.invoke(DelegatingMethodAccessorImpl.java:43)
	at java.lang.reflect.Method.invoke(Method.java:498)
	at org.testng.internal.MethodInvocationHelper.invokeMethod(MethodInvocationHelper.java:108)
	at org.testng.internal.Invoker.invokeMethod(Invoker.java:661)
	at org.testng.internal.Invoker.invokeTestMethod(Invoker.java:869)
	at org.testng.internal.TestMethodWithDataProviderMethodWorker.call(TestMethodWithDataProviderMethodWorker.java:75)
	at org.testng.internal.TestMethodWithDataProviderMethodWorker.call(TestMethodWithDataProviderMethodWorker.java:14)
	at java.util.concurrent.FutureTask.run(FutureTask.java:266)
	at java.util.concurrent.Executors$RunnableAdapter.call(Executors.java:511)
	at java.util.concurrent.FutureTask.run(FutureTask.java:266)
	at java.util.concurrent.ThreadPoolExecutor.runWorker(ThreadPoolExecutor.java:1149)
	at java.util.concurrent.ThreadPoolExecutor$Worker.run(ThreadPoolExecutor.java:624)
	at java.lang.Thread.run(Thread.java:748)
Caused by: java.lang.NumberFormatException: For input string: "4432null"
	at java.lang.NumberFormatException.forInputString(NumberFormatException.java:65)
	at java.lang.Integer.parseInt(Integer.java:580)
	at java.lang.Integer.parseInt(Integer.java:615)
	at java.net.URLStreamHandler.parseURL(URLStreamHandler.java:222)
	at java.net.URL.<init>(URL.java:622)
	... 94 more
]]>
            </full-stacktrace>
          </exception> <!-- java.net.MalformedURLException -->
          <reporter-output>
          </reporter-output>
        </test-method> <!-- getDeviceStatus -->
        <test-method status="PASS" signature="getDeviceStatus(int, java.lang.String)[pri:0, instance:com.rest.autotest.http.GetDeviceStatus@6b53e23f]" name="getDeviceStatus" duration-ms="517" started-at="2019-04-10T19:43:00Z" description="查询设备状态" data-provider="dataprovider" finished-at="2019-04-10T19:43:01Z">
          <params>
            <param index="0">
              <value>
                <![CDATA[18156]]>
              </value>
            </param>
            <param index="1">
              <value>
                <![CDATA[KONKE_ZIGBEE_SHORTCUTPANEL_PowerSupply]]>
              </value>
            </param>
          </params>
          <reporter-output>
          </reporter-output>
        </test-method> <!-- getDeviceStatus -->
        <test-method status="PASS" signature="getDeviceStatus(int, java.lang.String)[pri:0, instance:com.rest.autotest.http.GetDeviceStatus@6b53e23f]" name="getDeviceStatus" duration-ms="554" started-at="2019-04-10T19:43:00Z" description="查询设备状态" data-provider="dataprovider" finished-at="2019-04-10T19:43:01Z">
          <params>
            <param index="0">
              <value>
                <![CDATA[18205]]>
              </value>
            </param>
            <param index="1">
              <value>
                <![CDATA[KONKE_ZIGBEE_LIGHT]]>
              </value>
            </param>
          </params>
          <reporter-output>
          </reporter-output>
        </test-method> <!-- getDeviceStatus -->
        <test-method status="PASS" signature="getDeviceStatus(int, java.lang.String)[pri:0, instance:com.rest.autotest.http.GetDeviceStatus@6b53e23f]" name="getDeviceStatus" duration-ms="632" started-at="2019-04-10T19:43:01Z" description="查询设备状态" data-provider="dataprovider" finished-at="2019-04-10T19:43:01Z">
          <params>
            <param index="0">
              <value>
                <![CDATA[18211]]>
              </value>
            </param>
            <param index="1">
              <value>
                <![CDATA[KONKE_ZIGBEE_LIGHT]]>
              </value>
            </param>
          </params>
          <reporter-output>
          </reporter-output>
        </test-method> <!-- getDeviceStatus -->
        <test-method status="PASS" signature="getDeviceStatus(int, java.lang.String)[pri:0, instance:com.rest.autotest.http.GetDeviceStatus@6b53e23f]" name="getDeviceStatus" duration-ms="662" started-at="2019-04-10T19:43:01Z" description="查询设备状态" data-provider="dataprovider" finished-at="2019-04-10T19:43:01Z">
          <params>
            <param index="0">
              <value>
                <![CDATA[17954]]>
              </value>
            </param>
            <param index="1">
              <value>
                <![CDATA[KONKE_ZIGBEE_LIGHT]]>
              </value>
            </param>
          </params>
          <reporter-output>
          </reporter-output>
        </test-method> <!-- getDeviceStatus -->
        <test-method status="PASS" signature="getDeviceStatus(int, java.lang.String)[pri:0, instance:com.rest.autotest.http.GetDeviceStatus@6b53e23f]" name="getDeviceStatus" duration-ms="704" started-at="2019-04-10T19:43:01Z" description="查询设备状态" data-provider="dataprovider" finished-at="2019-04-10T19:43:01Z">
          <params>
            <param index="0">
              <value>
                <![CDATA[17957]]>
              </value>
            </param>
            <param index="1">
              <value>
                <![CDATA[KONKE_ZIGBEE_LIGHT]]>
              </value>
            </param>
          </params>
          <reporter-output>
          </reporter-output>
        </test-method> <!-- getDeviceStatus -->
        <test-method status="FAIL" signature="getDeviceStatus(int, java.lang.String)[pri:0, instance:com.rest.autotest.http.GetDeviceStatus@6b53e23f]" name="getDeviceStatus" duration-ms="451" started-at="2019-04-10T19:43:01Z" description="查询设备状态" data-provider="dataprovider" finished-at="2019-04-10T19:43:01Z">
          <params>
            <param index="0">
              <value>
                <![CDATA[18147]]>
              </value>
            </param>
            <param index="1">
              <value>
                <![CDATA[KONKE_ZIGBEE_INFRARED_CODELIB]]>
              </value>
            </param>
          </params>
          <exception class="java.lang.NumberFormatException">
            <message>
              <![CDATA[null]]>
            </message>
            <full-stacktrace>
              <![CDATA[java.lang.NumberFormatException: null
	at java.lang.Integer.parseInt(Integer.java:542)
	at java.lang.Integer.parseInt(Integer.java:615)
	at com.rest.autotest.common.envSet.setbaseurl(envSet.java:31)
	at com.rest.autotest.http.GetDeviceList.geturl(GetDeviceList.java:26)
	at com.rest.autotest.http.GetDeviceList.getdevicelist(GetDeviceList.java:56)
	at com.rest.autotest.data.DataBuilder.statusdatabuilder(DataBuilder.java:90)
	at com.rest.autotest.asserts.StatusResponseAsserts.statusResponseAsserts(StatusResponseAsserts.java:28)
	at com.rest.autotest.http.GetDeviceStatus.assertres(GetDeviceStatus.java:92)
	at com.rest.autotest.http.GetDeviceStatus.getDeviceStatus(GetDeviceStatus.java:61)
	at sun.reflect.GeneratedMethodAccessor155.invoke(Unknown Source)
	at sun.reflect.DelegatingMethodAccessorImpl.invoke(DelegatingMethodAccessorImpl.java:43)
	at java.lang.reflect.Method.invoke(Method.java:498)
	at org.testng.internal.MethodInvocationHelper.invokeMethod(MethodInvocationHelper.java:108)
	at org.testng.internal.Invoker.invokeMethod(Invoker.java:661)
	at org.testng.internal.Invoker.invokeTestMethod(Invoker.java:869)
	at org.testng.internal.TestMethodWithDataProviderMethodWorker.call(TestMethodWithDataProviderMethodWorker.java:75)
	at org.testng.internal.TestMethodWithDataProviderMethodWorker.call(TestMethodWithDataProviderMethodWorker.java:14)
	at java.util.concurrent.FutureTask.run(FutureTask.java:266)
	at java.util.concurrent.Executors$RunnableAdapter.call(Executors.java:511)
	at java.util.concurrent.FutureTask.run(FutureTask.java:266)
	at java.util.concurrent.ThreadPoolExecutor.runWorker(ThreadPoolExecutor.java:1149)
	at java.util.concurrent.ThreadPoolExecutor$Worker.run(ThreadPoolExecutor.java:624)
	at java.lang.Thread.run(Thread.java:748)
]]>
            </full-stacktrace>
          </exception> <!-- java.lang.NumberFormatException -->
          <reporter-output>
          </reporter-output>
        </test-method> <!-- getDeviceStatus -->
        <test-method status="PASS" signature="getDeviceStatus(int, java.lang.String)[pri:0, instance:com.rest.autotest.http.GetDeviceStatus@6b53e23f]" name="getDeviceStatus" duration-ms="652" started-at="2019-04-10T19:43:01Z" description="查询设备状态" data-provider="dataprovider" finished-at="2019-04-10T19:43:01Z">
          <params>
            <param index="0">
              <value>
                <![CDATA[17967]]>
              </value>
            </param>
            <param index="1">
              <value>
                <![CDATA[KONKE_ZIGBEE_LIGHT]]>
              </value>
            </param>
          </params>
          <reporter-output>
          </reporter-output>
        </test-method> <!-- getDeviceStatus -->
        <test-method status="PASS" signature="getDeviceStatus(int, java.lang.String)[pri:0, instance:com.rest.autotest.http.GetDeviceStatus@6b53e23f]" name="getDeviceStatus" duration-ms="722" started-at="2019-04-10T19:43:01Z" description="查询设备状态" data-provider="dataprovider" finished-at="2019-04-10T19:43:02Z">
          <params>
            <param index="0">
              <value>
                <![CDATA[18151]]>
              </value>
            </param>
            <param index="1">
              <value>
                <![CDATA[KONKE_ZIGBEE_INFRARED_CODELIB]]>
              </value>
            </param>
          </params>
          <reporter-output>
          </reporter-output>
        </test-method> <!-- getDeviceStatus -->
        <test-method status="PASS" signature="getDeviceStatus(int, java.lang.String)[pri:0, instance:com.rest.autotest.http.GetDeviceStatus@6b53e23f]" name="getDeviceStatus" duration-ms="662" started-at="2019-04-10T19:43:01Z" description="查询设备状态" data-provider="dataprovider" finished-at="2019-04-10T19:43:02Z">
          <params>
            <param index="0">
              <value>
                <![CDATA[18152]]>
              </value>
            </param>
            <param index="1">
              <value>
                <![CDATA[KONKE_ZIGBEE_INFRARED_CODELIB]]>
              </value>
            </param>
          </params>
          <reporter-output>
          </reporter-output>
        </test-method> <!-- getDeviceStatus -->
        <test-method status="PASS" signature="getDeviceStatus(int, java.lang.String)[pri:0, instance:com.rest.autotest.http.GetDeviceStatus@6b53e23f]" name="getDeviceStatus" duration-ms="485" started-at="2019-04-10T19:43:01Z" description="查询设备状态" data-provider="dataprovider" finished-at="2019-04-10T19:43:02Z">
          <params>
            <param index="0">
              <value>
                <![CDATA[18153]]>
              </value>
            </param>
            <param index="1">
              <value>
                <![CDATA[KONKE_ZIGBEE_INFRARED_CODELIB]]>
              </value>
            </param>
          </params>
          <reporter-output>
          </reporter-output>
        </test-method> <!-- getDeviceStatus -->
        <test-method status="FAIL" signature="getDeviceStatus(int, java.lang.String)[pri:0, instance:com.rest.autotest.http.GetDeviceStatus@6b53e23f]" name="getDeviceStatus" duration-ms="19" started-at="2019-04-10T19:43:01Z" description="查询设备状态" data-provider="dataprovider" finished-at="2019-04-10T19:43:01Z">
          <params>
            <param index="0">
              <value>
                <![CDATA[18189]]>
              </value>
            </param>
            <param index="1">
              <value>
                <![CDATA[KONKE_ZIGBEE_10A_SOCKET]]>
              </value>
            </param>
          </params>
          <exception class="com.alibaba.fastjson.JSONException">
            <message>
              <![CDATA[syntax error, pos 1, line 1, column 2<html>
<head>
<meta http-equiv="Content-Type" content="text/html;charset=utf-8"/>
<title>Error 403 No valid crumb was included in the request</title>
</head>
<body><h2>HTTP ERROR 403</h2>
<p>Problem accessing /null%3A4432/1.0/app/cculist. Reason:
<pre>    No valid crumb was included in the request</pre></p><hr><a href="http://eclipse.org/jetty">Powered by Jetty:// 9.4.z-SNAPSHOT</a><hr/>

</body>
</html>
]]>
            </message>
            <full-stacktrace>
              <![CDATA[com.alibaba.fastjson.JSONException: syntax error, pos 1, line 1, column 2<html>
<head>
<meta http-equiv="Content-Type" content="text/html;charset=utf-8"/>
<title>Error 403 No valid crumb was included in the request</title>
</head>
<body><h2>HTTP ERROR 403</h2>
<p>Problem accessing /null%3A4432/1.0/app/cculist. Reason:
<pre>    No valid crumb was included in the request</pre></p><hr><a href="http://eclipse.org/jetty">Powered by Jetty:// 9.4.z-SNAPSHOT</a><hr/>

</body>
</html>

	at com.alibaba.fastjson.parser.DefaultJSONParser.parse(DefaultJSONParser.java:1460)
	at com.alibaba.fastjson.parser.DefaultJSONParser.parse(DefaultJSONParser.java:1346)
	at com.alibaba.fastjson.JSON.parse(JSON.java:156)
	at com.alibaba.fastjson.JSON.parse(JSON.java:166)
	at com.alibaba.fastjson.JSON.parse(JSON.java:135)
	at com.alibaba.fastjson.JSON.parseObject(JSON.java:227)
	at com.rest.autotest.http.GetCcuList.GetCcuId(GetCcuList.java:80)
	at com.rest.autotest.http.GetDeviceStatus.getccuid(GetDeviceStatus.java:46)
	at com.rest.autotest.http.GetDeviceStatus.seturl(GetDeviceStatus.java:66)
	at com.rest.autotest.http.GetDeviceStatus.getDeviceStatus(GetDeviceStatus.java:58)
	at sun.reflect.GeneratedMethodAccessor155.invoke(Unknown Source)
	at sun.reflect.DelegatingMethodAccessorImpl.invoke(DelegatingMethodAccessorImpl.java:43)
	at java.lang.reflect.Method.invoke(Method.java:498)
	at org.testng.internal.MethodInvocationHelper.invokeMethod(MethodInvocationHelper.java:108)
	at org.testng.internal.Invoker.invokeMethod(Invoker.java:661)
	at org.testng.internal.Invoker.invokeTestMethod(Invoker.java:869)
	at org.testng.internal.TestMethodWithDataProviderMethodWorker.call(TestMethodWithDataProviderMethodWorker.java:75)
	at org.testng.internal.TestMethodWithDataProviderMethodWorker.call(TestMethodWithDataProviderMethodWorker.java:14)
	at java.util.concurrent.FutureTask.run(FutureTask.java:266)
	at java.util.concurrent.Executors$RunnableAdapter.call(Executors.java:511)
	at java.util.concurrent.FutureTask.run(FutureTask.java:266)
	at java.util.concurrent.ThreadPoolExecutor.runWorker(ThreadPoolExecutor.java:1149)
	at java.util.concurrent.ThreadPoolExecutor$Worker.run(ThreadPoolExecutor.java:624)
	at java.lang.Thread.run(Thread.java:748)
]]>
            </full-stacktrace>
          </exception> <!-- com.alibaba.fastjson.JSONException -->
          <reporter-output>
          </reporter-output>
        </test-method> <!-- getDeviceStatus -->
        <test-method status="PASS" signature="getDeviceStatus(int, java.lang.String)[pri:0, instance:com.rest.autotest.http.GetDeviceStatus@6b53e23f]" name="getDeviceStatus" duration-ms="521" started-at="2019-04-10T19:43:01Z" description="查询设备状态" data-provider="dataprovider" finished-at="2019-04-10T19:43:02Z">
          <params>
            <param index="0">
              <value>
                <![CDATA[17902]]>
              </value>
            </param>
            <param index="1">
              <value>
                <![CDATA[KONKE_ZIGBEE_LIGHT]]>
              </value>
            </param>
          </params>
          <reporter-output>
          </reporter-output>
        </test-method> <!-- getDeviceStatus -->
        <test-method status="PASS" signature="getDeviceStatus(int, java.lang.String)[pri:0, instance:com.rest.autotest.http.GetDeviceStatus@6b53e23f]" name="getDeviceStatus" duration-ms="621" started-at="2019-04-10T19:43:01Z" description="查询设备状态" data-provider="dataprovider" finished-at="2019-04-10T19:43:02Z">
          <params>
            <param index="0">
              <value>
                <![CDATA[17966]]>
              </value>
            </param>
            <param index="1">
              <value>
                <![CDATA[KONKE_ZIGBEE_LIGHT]]>
              </value>
            </param>
          </params>
          <reporter-output>
          </reporter-output>
        </test-method> <!-- getDeviceStatus -->
        <test-method status="PASS" signature="getDeviceStatus(int, java.lang.String)[pri:0, instance:com.rest.autotest.http.GetDeviceStatus@6b53e23f]" name="getDeviceStatus" duration-ms="602" started-at="2019-04-10T19:43:01Z" description="查询设备状态" data-provider="dataprovider" finished-at="2019-04-10T19:43:02Z">
          <params>
            <param index="0">
              <value>
                <![CDATA[18144]]>
              </value>
            </param>
            <param index="1">
              <value>
                <![CDATA[KONKE_ZIGBEE_INFRARED_CODELIB]]>
              </value>
            </param>
          </params>
          <reporter-output>
          </reporter-output>
        </test-method> <!-- getDeviceStatus -->
        <test-method status="PASS" signature="getDeviceStatus(int, java.lang.String)[pri:0, instance:com.rest.autotest.http.GetDeviceStatus@6b53e23f]" name="getDeviceStatus" duration-ms="483" started-at="2019-04-10T19:43:01Z" description="查询设备状态" data-provider="dataprovider" finished-at="2019-04-10T19:43:02Z">
          <params>
            <param index="0">
              <value>
                <![CDATA[18146]]>
              </value>
            </param>
            <param index="1">
              <value>
                <![CDATA[KONKE_ZIGBEE_INFRARED_CODELIB]]>
              </value>
            </param>
          </params>
          <reporter-output>
          </reporter-output>
        </test-method> <!-- getDeviceStatus -->
        <test-method status="PASS" signature="getDeviceStatus(int, java.lang.String)[pri:0, instance:com.rest.autotest.http.GetDeviceStatus@6b53e23f]" name="getDeviceStatus" duration-ms="659" started-at="2019-04-10T19:43:01Z" description="查询设备状态" data-provider="dataprovider" finished-at="2019-04-10T19:43:02Z">
          <params>
            <param index="0">
              <value>
                <![CDATA[18154]]>
              </value>
            </param>
            <param index="1">
              <value>
                <![CDATA[KONKE_ZIGBEE_INFRARED_CODELIB]]>
              </value>
            </param>
          </params>
          <reporter-output>
          </reporter-output>
        </test-method> <!-- getDeviceStatus -->
        <test-method status="PASS" signature="getDeviceStatus(int, java.lang.String)[pri:0, instance:com.rest.autotest.http.GetDeviceStatus@6b53e23f]" name="getDeviceStatus" duration-ms="630" started-at="2019-04-10T19:43:01Z" description="查询设备状态" data-provider="dataprovider" finished-at="2019-04-10T19:43:02Z">
          <params>
            <param index="0">
              <value>
                <![CDATA[16837]]>
              </value>
            </param>
            <param index="1">
              <value>
                <![CDATA[KONKE_ZIGBEE_LIGHT]]>
              </value>
            </param>
          </params>
          <reporter-output>
          </reporter-output>
        </test-method> <!-- getDeviceStatus -->
        <test-method status="PASS" signature="getDeviceStatus(int, java.lang.String)[pri:0, instance:com.rest.autotest.http.GetDeviceStatus@6b53e23f]" name="getDeviceStatus" duration-ms="637" started-at="2019-04-10T19:43:01Z" description="查询设备状态" data-provider="dataprovider" finished-at="2019-04-10T19:43:02Z">
          <params>
            <param index="0">
              <value>
                <![CDATA[16838]]>
              </value>
            </param>
            <param index="1">
              <value>
                <![CDATA[KONKE_ZIGBEE_LIGHT]]>
              </value>
            </param>
          </params>
          <reporter-output>
          </reporter-output>
        </test-method> <!-- getDeviceStatus -->
        <test-method status="PASS" signature="getDeviceStatus(int, java.lang.String)[pri:0, instance:com.rest.autotest.http.GetDeviceStatus@6b53e23f]" name="getDeviceStatus" duration-ms="450" started-at="2019-04-10T19:43:02Z" description="查询设备状态" data-provider="dataprovider" finished-at="2019-04-10T19:43:02Z">
          <params>
            <param index="0">
              <value>
                <![CDATA[16581]]>
              </value>
            </param>
            <param index="1">
              <value>
                <![CDATA[KONKE_ZIGBEE_FreshAir_DEV]]>
              </value>
            </param>
          </params>
          <reporter-output>
          </reporter-output>
        </test-method> <!-- getDeviceStatus -->
        <test-method status="PASS" signature="getDeviceStatus(int, java.lang.String)[pri:0, instance:com.rest.autotest.http.GetDeviceStatus@6b53e23f]" name="getDeviceStatus" duration-ms="620" started-at="2019-04-10T19:43:02Z" description="查询设备状态" data-provider="dataprovider" finished-at="2019-04-10T19:43:02Z">
          <params>
            <param index="0">
              <value>
                <![CDATA[16587]]>
              </value>
            </param>
            <param index="1">
              <value>
                <![CDATA[KONKE_ZIGBEE_FreshAir_DEV]]>
              </value>
            </param>
          </params>
          <reporter-output>
          </reporter-output>
        </test-method> <!-- getDeviceStatus -->
        <test-method status="PASS" signature="getDeviceStatus(int, java.lang.String)[pri:0, instance:com.rest.autotest.http.GetDeviceStatus@6b53e23f]" name="getDeviceStatus" duration-ms="511" started-at="2019-04-10T19:43:02Z" description="查询设备状态" data-provider="dataprovider" finished-at="2019-04-10T19:43:02Z">
          <params>
            <param index="0">
              <value>
                <![CDATA[16648]]>
              </value>
            </param>
            <param index="1">
              <value>
                <![CDATA[KONKE_ZIGBEE_FreshAir_DEV]]>
              </value>
            </param>
          </params>
          <reporter-output>
          </reporter-output>
        </test-method> <!-- getDeviceStatus -->
        <test-method status="PASS" signature="getDeviceStatus(int, java.lang.String)[pri:0, instance:com.rest.autotest.http.GetDeviceStatus@6b53e23f]" name="getDeviceStatus" duration-ms="562" started-at="2019-04-10T19:43:02Z" description="查询设备状态" data-provider="dataprovider" finished-at="2019-04-10T19:43:02Z">
          <params>
            <param index="0">
              <value>
                <![CDATA[16589]]>
              </value>
            </param>
            <param index="1">
              <value>
                <![CDATA[KONKE_ZIGBEE_FreshAir_DEV]]>
              </value>
            </param>
          </params>
          <reporter-output>
          </reporter-output>
        </test-method> <!-- getDeviceStatus -->
        <test-method status="PASS" signature="getDeviceStatus(int, java.lang.String)[pri:0, instance:com.rest.autotest.http.GetDeviceStatus@6b53e23f]" name="getDeviceStatus" duration-ms="564" started-at="2019-04-10T19:43:02Z" description="查询设备状态" data-provider="dataprovider" finished-at="2019-04-10T19:43:02Z">
          <params>
            <param index="0">
              <value>
                <![CDATA[16647]]>
              </value>
            </param>
            <param index="1">
              <value>
                <![CDATA[KONKE_ZIGBEE_FreshAir_DEV]]>
              </value>
            </param>
          </params>
          <reporter-output>
          </reporter-output>
        </test-method> <!-- getDeviceStatus -->
        <test-method status="PASS" signature="getDeviceStatus(int, java.lang.String)[pri:0, instance:com.rest.autotest.http.GetDeviceStatus@6b53e23f]" name="getDeviceStatus" duration-ms="550" started-at="2019-04-10T19:43:02Z" description="查询设备状态" data-provider="dataprovider" finished-at="2019-04-10T19:43:02Z">
          <params>
            <param index="0">
              <value>
                <![CDATA[16580]]>
              </value>
            </param>
            <param index="1">
              <value>
                <![CDATA[KONKE_ZIGBEE_FreshAir_DEV]]>
              </value>
            </param>
          </params>
          <reporter-output>
          </reporter-output>
        </test-method> <!-- getDeviceStatus -->
        <test-method status="PASS" signature="getDeviceStatus(int, java.lang.String)[pri:0, instance:com.rest.autotest.http.GetDeviceStatus@6b53e23f]" name="getDeviceStatus" duration-ms="562" started-at="2019-04-10T19:43:02Z" description="查询设备状态" data-provider="dataprovider" finished-at="2019-04-10T19:43:02Z">
          <params>
            <param index="0">
              <value>
                <![CDATA[16582]]>
              </value>
            </param>
            <param index="1">
              <value>
                <![CDATA[KONKE_ZIGBEE_FreshAir_DEV]]>
              </value>
            </param>
          </params>
          <reporter-output>
          </reporter-output>
        </test-method> <!-- getDeviceStatus -->
        <test-method status="PASS" signature="getDeviceStatus(int, java.lang.String)[pri:0, instance:com.rest.autotest.http.GetDeviceStatus@6b53e23f]" name="getDeviceStatus" duration-ms="531" started-at="2019-04-10T19:43:02Z" description="查询设备状态" data-provider="dataprovider" finished-at="2019-04-10T19:43:03Z">
          <params>
            <param index="0">
              <value>
                <![CDATA[16583]]>
              </value>
            </param>
            <param index="1">
              <value>
                <![CDATA[KONKE_ZIGBEE_FreshAir_DEV]]>
              </value>
            </param>
          </params>
          <reporter-output>
          </reporter-output>
        </test-method> <!-- getDeviceStatus -->
        <test-method status="PASS" signature="getDeviceStatus(int, java.lang.String)[pri:0, instance:com.rest.autotest.http.GetDeviceStatus@6b53e23f]" name="getDeviceStatus" duration-ms="568" started-at="2019-04-10T19:43:02Z" description="查询设备状态" data-provider="dataprovider" finished-at="2019-04-10T19:43:03Z">
          <params>
            <param index="0">
              <value>
                <![CDATA[16592]]>
              </value>
            </param>
            <param index="1">
              <value>
                <![CDATA[KONKE_ZIGBEE_FreshAir_DEV]]>
              </value>
            </param>
          </params>
          <reporter-output>
          </reporter-output>
        </test-method> <!-- getDeviceStatus -->
        <test-method status="PASS" signature="getDeviceStatus(int, java.lang.String)[pri:0, instance:com.rest.autotest.http.GetDeviceStatus@6b53e23f]" name="getDeviceStatus" duration-ms="500" started-at="2019-04-10T19:43:02Z" description="查询设备状态" data-provider="dataprovider" finished-at="2019-04-10T19:43:03Z">
          <params>
            <param index="0">
              <value>
                <![CDATA[16784]]>
              </value>
            </param>
            <param index="1">
              <value>
                <![CDATA[KONKE_ZIGBEE_FreshAir_DEV]]>
              </value>
            </param>
          </params>
          <reporter-output>
          </reporter-output>
        </test-method> <!-- getDeviceStatus -->
        <test-method status="FAIL" signature="getDeviceStatus(int, java.lang.String)[pri:0, instance:com.rest.autotest.http.GetDeviceStatus@6b53e23f]" name="getDeviceStatus" duration-ms="417" started-at="2019-04-10T19:43:02Z" description="查询设备状态" data-provider="dataprovider" finished-at="2019-04-10T19:43:03Z">
          <params>
            <param index="0">
              <value>
                <![CDATA[16786]]>
              </value>
            </param>
            <param index="1">
              <value>
                <![CDATA[KONKE_ZIGBEE_FreshAir_DEV]]>
              </value>
            </param>
          </params>
          <exception class="com.alibaba.fastjson.JSONException">
            <message>
              <![CDATA[syntax error, pos 1, line 1, column 2<html>
<head>
<meta http-equiv="Content-Type" content="text/html;charset=utf-8"/>
<title>Error 403 No valid crumb was included in the request</title>
</head>
<body><h2>HTTP ERROR 403</h2>
<p>Problem accessing /null%3A4432/1.0/app/ccu/7f03de27-5447-4266-9491-e800867dccf9/deviceStatus. Reason:
<pre>    No valid crumb was included in the request</pre></p><hr><a href="http://eclipse.org/jetty">Powered by Jetty:// 9.4.z-SNAPSHOT</a><hr/>

</body>
</html>
]]>
            </message>
            <full-stacktrace>
              <![CDATA[com.alibaba.fastjson.JSONException: syntax error, pos 1, line 1, column 2<html>
<head>
<meta http-equiv="Content-Type" content="text/html;charset=utf-8"/>
<title>Error 403 No valid crumb was included in the request</title>
</head>
<body><h2>HTTP ERROR 403</h2>
<p>Problem accessing /null%3A4432/1.0/app/ccu/7f03de27-5447-4266-9491-e800867dccf9/deviceStatus. Reason:
<pre>    No valid crumb was included in the request</pre></p><hr><a href="http://eclipse.org/jetty">Powered by Jetty:// 9.4.z-SNAPSHOT</a><hr/>

</body>
</html>

	at com.alibaba.fastjson.parser.DefaultJSONParser.parse(DefaultJSONParser.java:1460)
	at com.alibaba.fastjson.parser.DefaultJSONParser.parse(DefaultJSONParser.java:1346)
	at com.alibaba.fastjson.JSON.parse(JSON.java:156)
	at com.alibaba.fastjson.JSON.parse(JSON.java:166)
	at com.alibaba.fastjson.JSON.parse(JSON.java:135)
	at com.alibaba.fastjson.JSON.parseObject(JSON.java:227)
	at com.rest.autotest.reports.TestStep.respondBody(TestStep.java:33)
	at com.rest.autotest.reports.TestStep.requestAndRespondBody(TestStep.java:13)
	at com.rest.autotest.asserts.StatusResponseAsserts.statusResponseAsserts(StatusResponseAsserts.java:39)
	at com.rest.autotest.http.GetDeviceStatus.assertres(GetDeviceStatus.java:92)
	at com.rest.autotest.http.GetDeviceStatus.getDeviceStatus(GetDeviceStatus.java:61)
	at sun.reflect.GeneratedMethodAccessor155.invoke(Unknown Source)
	at sun.reflect.DelegatingMethodAccessorImpl.invoke(DelegatingMethodAccessorImpl.java:43)
	at java.lang.reflect.Method.invoke(Method.java:498)
	at org.testng.internal.MethodInvocationHelper.invokeMethod(MethodInvocationHelper.java:108)
	at org.testng.internal.Invoker.invokeMethod(Invoker.java:661)
	at org.testng.internal.Invoker.invokeTestMethod(Invoker.java:869)
	at org.testng.internal.TestMethodWithDataProviderMethodWorker.call(TestMethodWithDataProviderMethodWorker.java:75)
	at org.testng.internal.TestMethodWithDataProviderMethodWorker.call(TestMethodWithDataProviderMethodWorker.java:14)
	at java.util.concurrent.FutureTask.run(FutureTask.java:266)
	at java.util.concurrent.Executors$RunnableAdapter.call(Executors.java:511)
	at java.util.concurrent.FutureTask.run(FutureTask.java:266)
	at java.util.concurrent.ThreadPoolExecutor.runWorker(ThreadPoolExecutor.java:1149)
	at java.util.concurrent.ThreadPoolExecutor$Worker.run(ThreadPoolExecutor.java:624)
	at java.lang.Thread.run(Thread.java:748)
]]>
            </full-stacktrace>
          </exception> <!-- com.alibaba.fastjson.JSONException -->
          <reporter-output>
          </reporter-output>
        </test-method> <!-- getDeviceStatus -->
[...]
	at org.testng.internal.TestMethodWithDataProviderMethodWorker.call(TestMethodWithDataProviderMethodWorker.java:14)
	at java.util.concurrent.FutureTask.run(FutureTask.java:266)
	at java.util.concurrent.Executors$RunnableAdapter.call(Executors.java:511)
	at java.util.concurrent.FutureTask.run(FutureTask.java:266)
	at java.util.concurrent.ThreadPoolExecutor.runWorker(ThreadPoolExecutor.java:1149)
	at java.util.concurrent.ThreadPoolExecutor$Worker.run(ThreadPoolExecutor.java:624)
	at java.lang.Thread.run(Thread.java:748)
]]>
            </full-stacktrace>
          </exception> <!-- java.lang.NumberFormatException -->
          <reporter-output>
          </reporter-output>
        </test-method> <!-- getDeviceStatus -->
        <test-method status="PASS" signature="getDeviceStatus(int, java.lang.String)[pri:0, instance:com.rest.autotest.http.GetDeviceStatus@6b53e23f]" name="getDeviceStatus" duration-ms="1102" started-at="2019-04-10T19:43:06Z" description="查询设备状态" data-provider="dataprovider" finished-at="2019-04-10T19:43:08Z">
          <params>
            <param index="0">
              <value>
                <![CDATA[18175]]>
              </value>
            </param>
            <param index="1">
              <value>
                <![CDATA[KONKE_ZIGBEE_SMARTBODYSENSOR]]>
              </value>
            </param>
          </params>
          <reporter-output>
          </reporter-output>
        </test-method> <!-- getDeviceStatus -->
        <test-method status="PASS" signature="getDeviceStatus(int, java.lang.String)[pri:0, instance:com.rest.autotest.http.GetDeviceStatus@6b53e23f]" name="getDeviceStatus" duration-ms="998" started-at="2019-04-10T19:43:06Z" description="查询设备状态" data-provider="dataprovider" finished-at="2019-04-10T19:43:07Z">
          <params>
            <param index="0">
              <value>
                <![CDATA[15900]]>
              </value>
            </param>
            <param index="1">
              <value>
                <![CDATA[KONKE_ZIGBEE_WATER_VALVE_CONTROLLER]]>
              </value>
            </param>
          </params>
          <reporter-output>
          </reporter-output>
        </test-method> <!-- getDeviceStatus -->
        <test-method status="PASS" signature="getDeviceStatus(int, java.lang.String)[pri:0, instance:com.rest.autotest.http.GetDeviceStatus@6b53e23f]" name="getDeviceStatus" duration-ms="784" started-at="2019-04-10T19:43:07Z" description="查询设备状态" data-provider="dataprovider" finished-at="2019-04-10T19:43:07Z">
          <params>
            <param index="0">
              <value>
                <![CDATA[17981]]>
              </value>
            </param>
            <param index="1">
              <value>
                <![CDATA[KONKE_ZIGBEE_STAR_LIGHT]]>
              </value>
            </param>
          </params>
          <reporter-output>
          </reporter-output>
        </test-method> <!-- getDeviceStatus -->
        <test-method status="PASS" signature="getDeviceStatus(int, java.lang.String)[pri:0, instance:com.rest.autotest.http.GetDeviceStatus@6b53e23f]" name="getDeviceStatus" duration-ms="824" started-at="2019-04-10T19:43:07Z" description="查询设备状态" data-provider="dataprovider" finished-at="2019-04-10T19:43:07Z">
          <params>
            <param index="0">
              <value>
                <![CDATA[17982]]>
              </value>
            </param>
            <param index="1">
              <value>
                <![CDATA[KONKE_ZIGBEE_STAR_LIGHT]]>
              </value>
            </param>
          </params>
          <reporter-output>
          </reporter-output>
        </test-method> <!-- getDeviceStatus -->
        <test-method status="PASS" signature="getDeviceStatus(int, java.lang.String)[pri:0, instance:com.rest.autotest.http.GetDeviceStatus@6b53e23f]" name="getDeviceStatus" duration-ms="807" started-at="2019-04-10T19:43:07Z" description="查询设备状态" data-provider="dataprovider" finished-at="2019-04-10T19:43:08Z">
          <params>
            <param index="0">
              <value>
                <![CDATA[17983]]>
              </value>
            </param>
            <param index="1">
              <value>
                <![CDATA[KONKE_ZIGBEE_STAR_LIGHT]]>
              </value>
            </param>
          </params>
          <reporter-output>
          </reporter-output>
        </test-method> <!-- getDeviceStatus -->
        <test-method status="PASS" signature="getDeviceStatus(int, java.lang.String)[pri:0, instance:com.rest.autotest.http.GetDeviceStatus@6b53e23f]" name="getDeviceStatus" duration-ms="813" started-at="2019-04-10T19:43:07Z" description="查询设备状态" data-provider="dataprovider" finished-at="2019-04-10T19:43:08Z">
          <params>
            <param index="0">
              <value>
                <![CDATA[18008]]>
              </value>
            </param>
            <param index="1">
              <value>
                <![CDATA[KONKE_ZIGBEE_KIT_HUMISENSOR]]>
              </value>
            </param>
          </params>
          <reporter-output>
          </reporter-output>
        </test-method> <!-- getDeviceStatus -->
        <test-method status="PASS" signature="getDeviceStatus(int, java.lang.String)[pri:0, instance:com.rest.autotest.http.GetDeviceStatus@6b53e23f]" name="getDeviceStatus" duration-ms="733" started-at="2019-04-10T19:43:07Z" description="查询设备状态" data-provider="dataprovider" finished-at="2019-04-10T19:43:08Z">
          <params>
            <param index="0">
              <value>
                <![CDATA[18007]]>
              </value>
            </param>
            <param index="1">
              <value>
                <![CDATA[KONKE_ZIGBEE_KIT_TEMPSENSOR]]>
              </value>
            </param>
          </params>
          <reporter-output>
          </reporter-output>
        </test-method> <!-- getDeviceStatus -->
        <test-method status="FAIL" signature="getDeviceStatus(int, java.lang.String)[pri:0, instance:com.rest.autotest.http.GetDeviceStatus@6b53e23f]" name="getDeviceStatus" duration-ms="651" started-at="2019-04-10T19:43:07Z" description="查询设备状态" data-provider="dataprovider" finished-at="2019-04-10T19:43:08Z">
          <params>
            <param index="0">
              <value>
                <![CDATA[16846]]>
              </value>
            </param>
            <param index="1">
              <value>
                <![CDATA[KONKE_ZIGBEE_WATER_FloorHeating]]>
              </value>
            </param>
          </params>
          <exception class="com.google.gson.JsonSyntaxException">
            <message>
              <![CDATA[java.lang.IllegalStateException: Expected BEGIN_ARRAY but was BEGIN_OBJECT at line 1 column 2 path $]]>
            </message>
            <full-stacktrace>
              <![CDATA[com.google.gson.JsonSyntaxException: java.lang.IllegalStateException: Expected BEGIN_ARRAY but was BEGIN_OBJECT at line 1 column 2 path $
	at com.google.gson.Gson.fromJson(Gson.java:939)
	at com.google.gson.Gson.fromJson(Gson.java:892)
	at com.google.gson.Gson.fromJson(Gson.java:841)
	at com.rest.autotest.utils.JsonUtil.fromJson(JsonUtil.java:18)
	at com.rest.autotest.data.DataBuilder.statusdatabuilder(DataBuilder.java:91)
	at com.rest.autotest.asserts.StatusResponseAsserts.statusResponseAsserts(StatusResponseAsserts.java:28)
	at com.rest.autotest.http.GetDeviceStatus.assertres(GetDeviceStatus.java:92)
	at com.rest.autotest.http.GetDeviceStatus.getDeviceStatus(GetDeviceStatus.java:61)
	at sun.reflect.GeneratedMethodAccessor155.invoke(Unknown Source)
	at sun.reflect.DelegatingMethodAccessorImpl.invoke(DelegatingMethodAccessorImpl.java:43)
	at java.lang.reflect.Method.invoke(Method.java:498)
	at org.testng.internal.MethodInvocationHelper.invokeMethod(MethodInvocationHelper.java:108)
	at org.testng.internal.Invoker.invokeMethod(Invoker.java:661)
	at org.testng.internal.Invoker.invokeTestMethod(Invoker.java:869)
	at org.testng.internal.TestMethodWithDataProviderMethodWorker.call(TestMethodWithDataProviderMethodWorker.java:75)
	at org.testng.internal.TestMethodWithDataProviderMethodWorker.call(TestMethodWithDataProviderMethodWorker.java:14)
	at java.util.concurrent.FutureTask.run(FutureTask.java:266)
	at java.util.concurrent.Executors$RunnableAdapter.call(Executors.java:511)
	at java.util.concurrent.FutureTask.run(FutureTask.java:266)
	at java.util.concurrent.ThreadPoolExecutor.runWorker(ThreadPoolExecutor.java:1149)
	at java.util.concurrent.ThreadPoolExecutor$Worker.run(ThreadPoolExecutor.java:624)
	at java.lang.Thread.run(Thread.java:748)
Caused by: java.lang.IllegalStateException: Expected BEGIN_ARRAY but was BEGIN_OBJECT at line 1 column 2 path $
	at com.google.gson.stream.JsonReader.beginArray(JsonReader.java:350)
	at com.google.gson.internal.bind.CollectionTypeAdapterFactory$Adapter.read(CollectionTypeAdapterFactory.java:80)
	at com.google.gson.internal.bind.CollectionTypeAdapterFactory$Adapter.read(CollectionTypeAdapterFactory.java:61)
	at com.google.gson.Gson.fromJson(Gson.java:927)
	... 21 more
]]>
            </full-stacktrace>
          </exception> <!-- com.google.gson.JsonSyntaxException -->
          <reporter-output>
          </reporter-output>
        </test-method> <!-- getDeviceStatus -->
        <test-method status="PASS" signature="getDeviceStatus(int, java.lang.String)[pri:0, instance:com.rest.autotest.http.GetDeviceStatus@6b53e23f]" name="getDeviceStatus" duration-ms="705" started-at="2019-04-10T19:43:07Z" description="查询设备状态" data-provider="dataprovider" finished-at="2019-04-10T19:43:08Z">
          <params>
            <param index="0">
              <value>
                <![CDATA[16839]]>
              </value>
            </param>
            <param index="1">
              <value>
                <![CDATA[KONKE_ZIGBEE_LIGHT]]>
              </value>
            </param>
          </params>
          <reporter-output>
          </reporter-output>
        </test-method> <!-- getDeviceStatus -->
        <test-method status="PASS" signature="getDeviceStatus(int, java.lang.String)[pri:0, instance:com.rest.autotest.http.GetDeviceStatus@6b53e23f]" name="getDeviceStatus" duration-ms="801" started-at="2019-04-10T19:43:07Z" description="查询设备状态" data-provider="dataprovider" finished-at="2019-04-10T19:43:08Z">
          <params>
            <param index="0">
              <value>
                <![CDATA[16840]]>
              </value>
            </param>
            <param index="1">
              <value>
                <![CDATA[KONKE_ZIGBEE_LIGHT]]>
              </value>
            </param>
          </params>
          <reporter-output>
          </reporter-output>
        </test-method> <!-- getDeviceStatus -->
        <test-method status="PASS" signature="getDeviceStatus(int, java.lang.String)[pri:0, instance:com.rest.autotest.http.GetDeviceStatus@6b53e23f]" name="getDeviceStatus" duration-ms="546" started-at="2019-04-10T19:43:07Z" description="查询设备状态" data-provider="dataprovider" finished-at="2019-04-10T19:43:08Z">
          <params>
            <param index="0">
              <value>
                <![CDATA[16841]]>
              </value>
            </param>
            <param index="1">
              <value>
                <![CDATA[KONKE_ZIGBEE_LIGHT]]>
              </value>
            </param>
          </params>
          <reporter-output>
          </reporter-output>
        </test-method> <!-- getDeviceStatus -->
        <test-method status="PASS" signature="getDeviceStatus(int, java.lang.String)[pri:0, instance:com.rest.autotest.http.GetDeviceStatus@6b53e23f]" name="getDeviceStatus" duration-ms="558" started-at="2019-04-10T19:43:07Z" description="查询设备状态" data-provider="dataprovider" finished-at="2019-04-10T19:43:08Z">
          <params>
            <param index="0">
              <value>
                <![CDATA[18012]]>
              </value>
            </param>
            <param index="1">
              <value>
                <![CDATA[KONKE_ZIGBEE_SOSBUTTON]]>
              </value>
            </param>
          </params>
          <reporter-output>
          </reporter-output>
        </test-method> <!-- getDeviceStatus -->
        <test-method status="PASS" signature="getDeviceStatus(int, java.lang.String)[pri:0, instance:com.rest.autotest.http.GetDeviceStatus@6b53e23f]" name="getDeviceStatus" duration-ms="560" started-at="2019-04-10T19:43:07Z" description="查询设备状态" data-provider="dataprovider" finished-at="2019-04-10T19:43:08Z">
          <params>
            <param index="0">
              <value>
                <![CDATA[18010]]>
              </value>
            </param>
            <param index="1">
              <value>
                <![CDATA[KONKE_ZIGBEE_KIT_SMARTBODYSENSOR]]>
              </value>
            </param>
          </params>
          <reporter-output>
          </reporter-output>
        </test-method> <!-- getDeviceStatus -->
        <test-method status="PASS" signature="getDeviceStatus(int, java.lang.String)[pri:0, instance:com.rest.autotest.http.GetDeviceStatus@6b53e23f]" name="getDeviceStatus" duration-ms="660" started-at="2019-04-10T19:43:08Z" description="查询设备状态" data-provider="dataprovider" finished-at="2019-04-10T19:43:08Z">
          <params>
            <param index="0">
              <value>
                <![CDATA[18014]]>
              </value>
            </param>
            <param index="1">
              <value>
                <![CDATA[KONKE_ZIGBEE_KIT_SHORTCUTPANEL]]>
              </value>
            </param>
          </params>
          <reporter-output>
          </reporter-output>
        </test-method> <!-- getDeviceStatus -->
        <test-method status="PASS" signature="getDeviceStatus(int, java.lang.String)[pri:0, instance:com.rest.autotest.http.GetDeviceStatus@6b53e23f]" name="getDeviceStatus" duration-ms="621" started-at="2019-04-10T19:43:08Z" description="查询设备状态" data-provider="dataprovider" finished-at="2019-04-10T19:43:08Z">
          <params>
            <param index="0">
              <value>
                <![CDATA[16571]]>
              </value>
            </param>
            <param index="1">
              <value>
                <![CDATA[KONKE_ZIGBEE_FreshAir_DEV]]>
              </value>
            </param>
          </params>
          <reporter-output>
          </reporter-output>
        </test-method> <!-- getDeviceStatus -->
        <test-method status="FAIL" signature="getDeviceStatus(int, java.lang.String)[pri:0, instance:com.rest.autotest.http.GetDeviceStatus@6b53e23f]" name="getDeviceStatus" duration-ms="406" started-at="2019-04-10T19:43:08Z" description="查询设备状态" data-provider="dataprovider" finished-at="2019-04-10T19:43:08Z">
          <params>
            <param index="0">
              <value>
                <![CDATA[147]]>
              </value>
            </param>
            <param index="1">
              <value>
                <![CDATA[KONKE_NET_CnwiseMusicController]]>
              </value>
            </param>
          </params>
          <exception class="com.alibaba.fastjson.JSONException">
            <message>
              <![CDATA[syntax error, pos 1, line 1, column 2Access is denied]]>
            </message>
            <full-stacktrace>
              <![CDATA[com.alibaba.fastjson.JSONException: syntax error, pos 1, line 1, column 2Access is denied
	at com.alibaba.fastjson.parser.DefaultJSONParser.parse(DefaultJSONParser.java:1460)
	at com.alibaba.fastjson.parser.DefaultJSONParser.parse(DefaultJSONParser.java:1346)
	at com.alibaba.fastjson.JSON.parse(JSON.java:156)
	at com.alibaba.fastjson.JSON.parse(JSON.java:166)
	at com.alibaba.fastjson.JSON.parse(JSON.java:135)
	at com.alibaba.fastjson.JSONObject.getJSONArray(JSONObject.java:145)
	at com.rest.autotest.http.GetCcuList.GetCcuId(GetCcuList.java:81)
	at com.rest.autotest.http.GetDeviceList.getccuid(GetDeviceList.java:37)
	at com.rest.autotest.http.GetDeviceList.getdevicelist(GetDeviceList.java:55)
	at com.rest.autotest.data.DataBuilder.statusdatabuilder(DataBuilder.java:90)
	at com.rest.autotest.asserts.StatusResponseAsserts.statusResponseAsserts(StatusResponseAsserts.java:28)
	at com.rest.autotest.http.GetDeviceStatus.assertres(GetDeviceStatus.java:92)
	at com.rest.autotest.http.GetDeviceStatus.getDeviceStatus(GetDeviceStatus.java:61)
	at sun.reflect.GeneratedMethodAccessor155.invoke(Unknown Source)
	at sun.reflect.DelegatingMethodAccessorImpl.invoke(DelegatingMethodAccessorImpl.java:43)
	at java.lang.reflect.Method.invoke(Method.java:498)
	at org.testng.internal.MethodInvocationHelper.invokeMethod(MethodInvocationHelper.java:108)
	at org.testng.internal.Invoker.invokeMethod(Invoker.java:661)
	at org.testng.internal.Invoker.invokeTestMethod(Invoker.java:869)
	at org.testng.internal.TestMethodWithDataProviderMethodWorker.call(TestMethodWithDataProviderMethodWorker.java:75)
	at org.testng.internal.TestMethodWithDataProviderMethodWorker.call(TestMethodWithDataProviderMethodWorker.java:14)
	at java.util.concurrent.FutureTask.run(FutureTask.java:266)
	at java.util.concurrent.Executors$RunnableAdapter.call(Executors.java:511)
	at java.util.concurrent.FutureTask.run(FutureTask.java:266)
	at java.util.concurrent.ThreadPoolExecutor.runWorker(ThreadPoolExecutor.java:1149)
	at java.util.concurrent.ThreadPoolExecutor$Worker.run(ThreadPoolExecutor.java:624)
	at java.lang.Thread.run(Thread.java:748)
]]>
            </full-stacktrace>
          </exception> <!-- com.alibaba.fastjson.JSONException -->
          <reporter-output>
          </reporter-output>
        </test-method> <!-- getDeviceStatus -->
        <test-method status="PASS" signature="getDeviceStatus(int, java.lang.String)[pri:0, instance:com.rest.autotest.http.GetDeviceStatus@6b53e23f]" name="getDeviceStatus" duration-ms="508" started-at="2019-04-10T19:43:08Z" description="查询设备状态" data-provider="dataprovider" finished-at="2019-04-10T19:43:08Z">
          <params>
            <param index="0">
              <value>
                <![CDATA[148]]>
              </value>
            </param>
            <param index="1">
              <value>
                <![CDATA[KONKE_NET_CnwiseMusicController]]>
              </value>
            </param>
          </params>
          <reporter-output>
          </reporter-output>
        </test-method> <!-- getDeviceStatus -->
        <test-method status="PASS" signature="getDeviceStatus(int, java.lang.String)[pri:0, instance:com.rest.autotest.http.GetDeviceStatus@6b53e23f]" name="getDeviceStatus" duration-ms="528" started-at="2019-04-10T19:43:08Z" description="查询设备状态" data-provider="dataprovider" finished-at="2019-04-10T19:43:08Z">
          <params>
            <param index="0">
              <value>
                <![CDATA[88]]>
              </value>
            </param>
            <param index="1">
              <value>
                <![CDATA[KONKE_NET_CENTRAL_AC_Gateway]]>
              </value>
            </param>
          </params>
          <reporter-output>
          </reporter-output>
        </test-method> <!-- getDeviceStatus -->
        <test-method status="PASS" signature="getDeviceStatus(int, java.lang.String)[pri:0, instance:com.rest.autotest.http.GetDeviceStatus@6b53e23f]" name="getDeviceStatus" duration-ms="549" started-at="2019-04-10T19:43:08Z" description="查询设备状态" data-provider="dataprovider" finished-at="2019-04-10T19:43:08Z">
          <params>
            <param index="0">
              <value>
                <![CDATA[69]]>
              </value>
            </param>
            <param index="1">
              <value>
                <![CDATA[NET_AIR_BOX]]>
              </value>
            </param>
          </params>
          <reporter-output>
          </reporter-output>
        </test-method> <!-- getDeviceStatus -->
      </class> <!-- com.rest.autotest.http.GetDeviceStatus -->
    </test> <!-- 设备状态查询接口测试 -->
  </suite> <!-- 单个主机设备状态查询 -->
</testng-results>
