-------------------------------------------------------------------------------
Test set: TestSuite
-------------------------------------------------------------------------------
Tests run: 149, Failures: 18, Errors: 0, Skipped: 0, Time elapsed: 13.344 s <<< FAILURE! - in TestSuite
getDeviceStatus(com.rest.autotest.http.GetDeviceStatus)  Time elapsed: 0.11 s  <<< FAILURE!
java.net.MalformedURLException: For input string: "4432null"
	at com.rest.autotest.http.GetDeviceStatus.getccuid(GetDeviceStatus.java:45)
	at com.rest.autotest.http.GetDeviceStatus.seturl(GetDeviceStatus.java:66)
	at com.rest.autotest.http.GetDeviceStatus.getDeviceStatus(GetDeviceStatus.java:58)
Caused by: java.lang.NumberFormatException: For input string: "4432null"
	at com.rest.autotest.http.GetDeviceStatus.getccuid(GetDeviceStatus.java:45)
	at com.rest.autotest.http.GetDeviceStatus.seturl(GetDeviceStatus.java:66)
	at com.rest.autotest.http.GetDeviceStatus.getDeviceStatus(GetDeviceStatus.java:58)

getDeviceStatus(com.rest.autotest.http.GetDeviceStatus)  Time elapsed: 0.039 s  <<< FAILURE!
com.alibaba.fastjson.JSONException: 
syntax error, pos 1, line 1, column 2<html>
<head>
<meta http-equiv="Content-Type" content="text/html;charset=utf-8"/>
<title>Error 403 No valid crumb was included in the request</title>
</head>
<body><h2>HTTP ERROR 403</h2>
<p>Problem accessing /null%3A4432/1.0/app/cculist. Reason:
<pre>    No valid crumb was included in the request</pre></p><hr><a href="http://eclipse.org/jetty">Powered by Jetty:// 9.4.z-SNAPSHOT</a><hr/>

</body>
</html>

	at com.rest.autotest.http.GetDeviceStatus.getccuid(GetDeviceStatus.java:46)
	at com.rest.autotest.http.GetDeviceStatus.seturl(GetDeviceStatus.java:66)
	at com.rest.autotest.http.GetDeviceStatus.getDeviceStatus(GetDeviceStatus.java:58)

getDeviceStatus(com.rest.autotest.http.GetDeviceStatus)  Time elapsed: 0.098 s  <<< FAILURE!
java.net.MalformedURLException: For input string: "4432null"
	at com.rest.autotest.http.GetDeviceStatus.assertres(GetDeviceStatus.java:92)
	at com.rest.autotest.http.GetDeviceStatus.getDeviceStatus(GetDeviceStatus.java:61)
Caused by: java.lang.NumberFormatException: For input string: "4432null"
	at com.rest.autotest.http.GetDeviceStatus.assertres(GetDeviceStatus.java:92)
	at com.rest.autotest.http.GetDeviceStatus.getDeviceStatus(GetDeviceStatus.java:61)

getDeviceStatus(com.rest.autotest.http.GetDeviceStatus)  Time elapsed: 0 s  <<< FAILURE!
java.lang.NumberFormatException: null
	at com.rest.autotest.http.GetDeviceStatus.assertres(GetDeviceStatus.java:92)
	at com.rest.autotest.http.GetDeviceStatus.getDeviceStatus(GetDeviceStatus.java:61)

getDeviceStatus(com.rest.autotest.http.GetDeviceStatus)  Time elapsed: 0.018 s  <<< FAILURE!
com.alibaba.fastjson.JSONException: 
syntax error, pos 1, line 1, column 2<html>
<head>
<meta http-equiv="Content-Type" content="text/html;charset=utf-8"/>
<title>Error 403 No valid crumb was included in the request</title>
</head>
<body><h2>HTTP ERROR 403</h2>
<p>Problem accessing /null%3A4432/1.0/app/cculist. Reason:
<pre>    No valid crumb was included in the request</pre></p><hr><a href="http://eclipse.org/jetty">Powered by Jetty:// 9.4.z-SNAPSHOT</a><hr/>

</body>
</html>

	at com.rest.autotest.http.GetDeviceStatus.getccuid(GetDeviceStatus.java:46)
	at com.rest.autotest.http.GetDeviceStatus.seturl(GetDeviceStatus.java:66)
	at com.rest.autotest.http.GetDeviceStatus.getDeviceStatus(GetDeviceStatus.java:58)

getDeviceStatus(com.rest.autotest.http.GetDeviceStatus)  Time elapsed: 0.004 s  <<< FAILURE!
com.alibaba.fastjson.JSONException: syntax error, pos 1, line 1, column 2Access is denied
	at com.rest.autotest.http.GetDeviceStatus.assertres(GetDeviceStatus.java:92)
	at com.rest.autotest.http.GetDeviceStatus.getDeviceStatus(GetDeviceStatus.java:61)

getDeviceStatus(com.rest.autotest.http.GetDeviceStatus)  Time elapsed: 0.057 s  <<< FAILURE!
com.alibaba.fastjson.JSONException: 
syntax error, pos 1, line 1, column 2<html>
<head>
<meta http-equiv="Content-Type" content="text/html;charset=utf-8"/>
<title>Error 403 No valid crumb was included in the request</title>
</head>
<body><h2>HTTP ERROR 403</h2>
<p>Problem accessing /null%3A4432/1.0/app/ccu/7f03de27-5447-4266-9491-e800867dccf9/deviceStatus. Reason:
<pre>    No valid crumb was included in the request</pre></p><hr><a href="http://eclipse.org/jetty">Powered by Jetty:// 9.4.z-SNAPSHOT</a><hr/>

</body>
</html>

	at com.rest.autotest.http.GetDeviceStatus.assertres(GetDeviceStatus.java:92)
	at com.rest.autotest.http.GetDeviceStatus.getDeviceStatus(GetDeviceStatus.java:61)

getDeviceStatus(com.rest.autotest.http.GetDeviceStatus)  Time elapsed: 0.041 s  <<< FAILURE!
java.lang.NullPointerException
	at com.rest.autotest.http.GetDeviceStatus.assertres(GetDeviceStatus.java:92)
	at com.rest.autotest.http.GetDeviceStatus.getDeviceStatus(GetDeviceStatus.java:61)

getDeviceStatus(com.rest.autotest.http.GetDeviceStatus)  Time elapsed: 0.017 s  <<< FAILURE!
com.alibaba.fastjson.JSONException: 
syntax error, pos 1, line 1, column 2<html>
<head>
<meta http-equiv="Content-Type" content="text/html;charset=utf-8"/>
<title>Error 403 No valid crumb was included in the request</title>
</head>
<body><h2>HTTP ERROR 403</h2>
<p>Problem accessing /null%3A4432/1.0/app/ccu/7f03de27-5447-4266-9491-e800867dccf9/deviceStatus. Reason:
<pre>    No valid crumb was included in the request</pre></p><hr><a href="http://eclipse.org/jetty">Powered by Jetty:// 9.4.z-SNAPSHOT</a><hr/>

</body>
</html>

	at com.rest.autotest.http.GetDeviceStatus.assertres(GetDeviceStatus.java:92)
	at com.rest.autotest.http.GetDeviceStatus.getDeviceStatus(GetDeviceStatus.java:61)

getDeviceStatus(com.rest.autotest.http.GetDeviceStatus)  Time elapsed: 0.004 s  <<< FAILURE!
com.alibaba.fastjson.JSONException: 
syntax error, pos 1, line 1, column 2<html>
<head>
<meta http-equiv="Content-Type" content="text/html;charset=utf-8"/>
<title>Error 403 No valid crumb was included in the request</title>
</head>
<body><h2>HTTP ERROR 403</h2>
<p>Problem accessing /null%3A4432/1.0/app/cculist. Reason:
<pre>    No valid crumb was included in the request</pre></p><hr><a href="http://eclipse.org/jetty">Powered by Jetty:// 9.4.z-SNAPSHOT</a><hr/>

</body>
</html>

	at com.rest.autotest.http.GetDeviceStatus.getccuid(GetDeviceStatus.java:46)
	at com.rest.autotest.http.GetDeviceStatus.seturl(GetDeviceStatus.java:66)
	at com.rest.autotest.http.GetDeviceStatus.getDeviceStatus(GetDeviceStatus.java:58)

getDeviceStatus(com.rest.autotest.http.GetDeviceStatus)  Time elapsed: 0.204 s  <<< FAILURE!
java.lang.NumberFormatException: null
	at com.rest.autotest.http.GetDeviceStatus.assertres(GetDeviceStatus.java:92)
	at com.rest.autotest.http.GetDeviceStatus.getDeviceStatus(GetDeviceStatus.java:61)

getDeviceStatus(com.rest.autotest.http.GetDeviceStatus)  Time elapsed: 0.078 s  <<< FAILURE!
java.lang.NumberFormatException: null
	at com.rest.autotest.http.GetDeviceStatus.assertres(GetDeviceStatus.java:92)
	at com.rest.autotest.http.GetDeviceStatus.getDeviceStatus(GetDeviceStatus.java:61)

getDeviceStatus(com.rest.autotest.http.GetDeviceStatus)  Time elapsed: 0.268 s  <<< FAILURE!
com.google.gson.JsonSyntaxException: java.lang.IllegalStateException: Expected BEGIN_ARRAY but was STRING at line 1 column 1 path $
	at com.rest.autotest.http.GetDeviceStatus.assertres(GetDeviceStatus.java:92)
	at com.rest.autotest.http.GetDeviceStatus.getDeviceStatus(GetDeviceStatus.java:61)
Caused by: java.lang.IllegalStateException: Expected BEGIN_ARRAY but was STRING at line 1 column 1 path $
	at com.rest.autotest.http.GetDeviceStatus.assertres(GetDeviceStatus.java:92)
	at com.rest.autotest.http.GetDeviceStatus.getDeviceStatus(GetDeviceStatus.java:61)

getDeviceStatus(com.rest.autotest.http.GetDeviceStatus)  Time elapsed: 0.035 s  <<< FAILURE!
java.lang.NullPointerException
	at com.rest.autotest.http.GetDeviceStatus.assertres(GetDeviceStatus.java:92)
	at com.rest.autotest.http.GetDeviceStatus.getDeviceStatus(GetDeviceStatus.java:61)

getDeviceStatus(com.rest.autotest.http.GetDeviceStatus)  Time elapsed: 0.182 s  <<< FAILURE!
java.lang.NumberFormatException: null
	at com.rest.autotest.http.GetDeviceStatus.assertres(GetDeviceStatus.java:92)
	at com.rest.autotest.http.GetDeviceStatus.getDeviceStatus(GetDeviceStatus.java:61)

getDeviceStatus(com.rest.autotest.http.GetDeviceStatus)  Time elapsed: 0.015 s  <<< FAILURE!
java.lang.NullPointerException
	at com.rest.autotest.http.GetDeviceStatus.assertres(GetDeviceStatus.java:92)
	at com.rest.autotest.http.GetDeviceStatus.getDeviceStatus(GetDeviceStatus.java:61)

getDeviceStatus(com.rest.autotest.http.GetDeviceStatus)  Time elapsed: 0.032 s  <<< FAILURE!
com.google.gson.JsonSyntaxException: java.lang.IllegalStateException: Expected BEGIN_ARRAY but was BEGIN_OBJECT at line 1 column 2 path $
	at com.rest.autotest.http.GetDeviceStatus.assertres(GetDeviceStatus.java:92)
	at com.rest.autotest.http.GetDeviceStatus.getDeviceStatus(GetDeviceStatus.java:61)
Caused by: java.lang.IllegalStateException: Expected BEGIN_ARRAY but was BEGIN_OBJECT at line 1 column 2 path $
	at com.rest.autotest.http.GetDeviceStatus.assertres(GetDeviceStatus.java:92)
	at com.rest.autotest.http.GetDeviceStatus.getDeviceStatus(GetDeviceStatus.java:61)

getDeviceStatus(com.rest.autotest.http.GetDeviceStatus)  Time elapsed: 0.273 s  <<< FAILURE!
com.alibaba.fastjson.JSONException: syntax error, pos 1, line 1, column 2Access is denied
	at com.rest.autotest.http.GetDeviceStatus.assertres(GetDeviceStatus.java:92)
	at com.rest.autotest.http.GetDeviceStatus.getDeviceStatus(GetDeviceStatus.java:61)

