<?xml version="1.0" encoding="UTF-8"?>
<testsuite xmlns:xsi="http://www.w3.org/2001/XMLSchema-instance" xsi:noNamespaceSchemaLocation="https://maven.apache.org/surefire/maven-surefire-plugin/xsd/surefire-test-report.xsd" name="TestSuite" time="13.344" tests="149" errors="0" skipped="0" failures="18">
  <properties>
[...]
</properties>
  <testcase name="getDeviceStatus" classname="com.rest.autotest.http.GetDeviceStatus" time="0.11">
    <failure message="For input string: &quot;4432null&quot;" type="java.net.MalformedURLException">java.net.MalformedURLException: For input string: "4432null"
	at com.rest.autotest.http.GetDeviceStatus.getccuid(GetDeviceStatus.java:45)
	at com.rest.autotest.http.GetDeviceStatus.seturl(GetDeviceStatus.java:66)
	at com.rest.autotest.http.GetDeviceStatus.getDeviceStatus(GetDeviceStatus.java:58)
Caused by: java.lang.NumberFormatException: For input string: "4432null"
	at com.rest.autotest.http.GetDeviceStatus.getccuid(GetDeviceStatus.java:45)
	at com.rest.autotest.http.GetDeviceStatus.seturl(GetDeviceStatus.java:66)
	at com.rest.autotest.http.GetDeviceStatus.getDeviceStatus(GetDeviceStatus.java:58)
</failure>
    <system-err><![CDATA[SLF4J: Failed to load class "org.slf4j.impl.StaticLoggerBinder".
SLF4J: Defaulting to no-operation (NOP) logger implementation
SLF4J: See http://www.slf4j.org/codes.html#StaticLoggerBinder for further details.
]]></system-err>
  </testcase>
  <testcase name="getDeviceStatus" classname="com.rest.autotest.http.GetDeviceStatus" time="0.039">
    <failure message="syntax error, pos 1, line 1, column 2&lt;html&gt;&#10;&lt;head&gt;&#10;&lt;meta http-equiv=&quot;Content-Type&quot; content=&quot;text/html;charset=utf-8&quot;/&gt;&#10;&lt;title&gt;Error 403 No valid crumb was included in the request&lt;/title&gt;&#10;&lt;/head&gt;&#10;&lt;body&gt;&lt;h2&gt;HTTP ERROR 403&lt;/h2&gt;&#10;&lt;p&gt;Problem accessing /null%3A4432/1.0/app/cculist. Reason:&#10;&lt;pre&gt;    No valid crumb was included in the request&lt;/pre&gt;&lt;/p&gt;&lt;hr&gt;&lt;a href=&quot;http://eclipse.org/jetty&quot;&gt;Powered by Jetty:// 9.4.z-SNAPSHOT&lt;/a&gt;&lt;hr/&gt;&#10;&#10;&lt;/body&gt;&#10;&lt;/html&gt;&#10;" type="com.alibaba.fastjson.JSONException"><![CDATA[com.alibaba.fastjson.JSONException: 
syntax error, pos 1, line 1, column 2<html>
<head>
<meta http-equiv="Content-Type" content="text/html;charset=utf-8"/>
<title>Error 403 No valid crumb was included in the request</title>
</head>
<body><h2>HTTP ERROR 403</h2>
<p>Problem accessing /null%3A4432/1.0/app/cculist. Reason:
<pre>    No valid crumb was included in the request</pre></p><hr><a href="http://eclipse.org/jetty">Powered by Jetty:// 9.4.z-SNAPSHOT</a><hr/>

</body>
</html>

	at com.rest.autotest.http.GetDeviceStatus.getccuid(GetDeviceStatus.java:46)
	at com.rest.autotest.http.GetDeviceStatus.seturl(GetDeviceStatus.java:66)
	at com.rest.autotest.http.GetDeviceStatus.getDeviceStatus(GetDeviceStatus.java:58)
]]></failure>
  </testcase>
  <testcase name="getDeviceStatus" classname="com.rest.autotest.http.GetDeviceStatus" time="0.432"/>
  <testcase name="getDeviceStatus" classname="com.rest.autotest.http.GetDeviceStatus" time="0.057"/>
  <testcase name="getDeviceStatus" classname="com.rest.autotest.http.GetDeviceStatus" time="0.122"/>
  <testcase name="getDeviceStatus" classname="com.rest.autotest.http.GetDeviceStatus" time="0.122"/>
  <testcase name="getDeviceStatus" classname="com.rest.autotest.http.GetDeviceStatus" time="0.023"/>
  <testcase name="getDeviceStatus" classname="com.rest.autotest.http.GetDeviceStatus" time="0.044"/>
  <testcase name="getDeviceStatus" classname="com.rest.autotest.http.GetDeviceStatus" time="0.07"/>
  <testcase name="getDeviceStatus" classname="com.rest.autotest.http.GetDeviceStatus" time="0.302"/>
  <testcase name="getDeviceStatus" classname="com.rest.autotest.http.GetDeviceStatus" time="0.029"/>
  <testcase name="getDeviceStatus" classname="com.rest.autotest.http.GetDeviceStatus" time="0.075"/>
  <testcase name="getDeviceStatus" classname="com.rest.autotest.http.GetDeviceStatus" time="0.065"/>
  <testcase name="getDeviceStatus" classname="com.rest.autotest.http.GetDeviceStatus" time="0"/>
  <testcase name="getDeviceStatus" classname="com.rest.autotest.http.GetDeviceStatus" time="0"/>
  <testcase name="getDeviceStatus" classname="com.rest.autotest.http.GetDeviceStatus" time="0.115"/>
  <testcase name="getDeviceStatus" classname="com.rest.autotest.http.GetDeviceStatus" time="0.315"/>
  <testcase name="getDeviceStatus" classname="com.rest.autotest.http.GetDeviceStatus" time="0.019"/>
  <testcase name="getDeviceStatus" classname="com.rest.autotest.http.GetDeviceStatus" time="0.023"/>
  <testcase name="getDeviceStatus" classname="com.rest.autotest.http.GetDeviceStatus" time="0.045"/>
  <testcase name="getDeviceStatus" classname="com.rest.autotest.http.GetDeviceStatus" time="0.098"/>
  <testcase name="getDeviceStatus" classname="com.rest.autotest.http.GetDeviceStatus" time="0"/>
  <testcase name="getDeviceStatus" classname="com.rest.autotest.http.GetDeviceStatus" time="0.106"/>
  <testcase name="getDeviceStatus" classname="com.rest.autotest.http.GetDeviceStatus" time="0.237"/>
  <testcase name="getDeviceStatus" classname="com.rest.autotest.http.GetDeviceStatus" time="0.051"/>
  <testcase name="getDeviceStatus" classname="com.rest.autotest.http.GetDeviceStatus" time="0.066"/>
  <testcase name="getDeviceStatus" classname="com.rest.autotest.http.GetDeviceStatus" time="0.04"/>
  <testcase name="getDeviceStatus" classname="com.rest.autotest.http.GetDeviceStatus" time="0.03"/>
  <testcase name="getDeviceStatus" classname="com.rest.autotest.http.GetDeviceStatus" time="0.083"/>
  <testcase name="getDeviceStatus" classname="com.rest.autotest.http.GetDeviceStatus" time="0.136"/>
  <testcase name="getDeviceStatus" classname="com.rest.autotest.http.GetDeviceStatus" time="0.098">
    <failure message="For input string: &quot;4432null&quot;" type="java.net.MalformedURLException">java.net.MalformedURLException: For input string: "4432null"
	at com.rest.autotest.http.GetDeviceStatus.assertres(GetDeviceStatus.java:92)
	at com.rest.autotest.http.GetDeviceStatus.getDeviceStatus(GetDeviceStatus.java:61)
Caused by: java.lang.NumberFormatException: For input string: "4432null"
	at com.rest.autotest.http.GetDeviceStatus.assertres(GetDeviceStatus.java:92)
	at com.rest.autotest.http.GetDeviceStatus.getDeviceStatus(GetDeviceStatus.java:61)
</failure>
  </testcase>
  <testcase name="getDeviceStatus" classname="com.rest.autotest.http.GetDeviceStatus" time="0.054"/>
  <testcase name="getDeviceStatus" classname="com.rest.autotest.http.GetDeviceStatus" time="0.035"/>
  <testcase name="getDeviceStatus" classname="com.rest.autotest.http.GetDeviceStatus" time="0.045"/>
  <testcase name="getDeviceStatus" classname="com.rest.autotest.http.GetDeviceStatus" time="0.062"/>
  <testcase name="getDeviceStatus" classname="com.rest.autotest.http.GetDeviceStatus" time="0.123"/>
  <testcase name="getDeviceStatus" classname="com.rest.autotest.http.GetDeviceStatus" time="0.222"/>
  <testcase name="getDeviceStatus" classname="com.rest.autotest.http.GetDeviceStatus" time="0">
    <failure type="java.lang.NumberFormatException:">java.lang.NumberFormatException: null
	at com.rest.autotest.http.GetDeviceStatus.assertres(GetDeviceStatus.java:92)
	at com.rest.autotest.http.GetDeviceStatus.getDeviceStatus(GetDeviceStatus.java:61)
</failure>
  </testcase>
  <testcase name="getDeviceStatus" classname="com.rest.autotest.http.GetDeviceStatus" time="0.018">
    <failure message="syntax error, pos 1, line 1, column 2&lt;html&gt;&#10;&lt;head&gt;&#10;&lt;meta http-equiv=&quot;Content-Type&quot; content=&quot;text/html;charset=utf-8&quot;/&gt;&#10;&lt;title&gt;Error 403 No valid crumb was included in the request&lt;/title&gt;&#10;&lt;/head&gt;&#10;&lt;body&gt;&lt;h2&gt;HTTP ERROR 403&lt;/h2&gt;&#10;&lt;p&gt;Problem accessing /null%3A4432/1.0/app/cculist. Reason:&#10;&lt;pre&gt;    No valid crumb was included in the request&lt;/pre&gt;&lt;/p&gt;&lt;hr&gt;&lt;a href=&quot;http://eclipse.org/jetty&quot;&gt;Powered by Jetty:// 9.4.z-SNAPSHOT&lt;/a&gt;&lt;hr/&gt;&#10;&#10;&lt;/body&gt;&#10;&lt;/html&gt;&#10;" type="com.alibaba.fastjson.JSONException"><![CDATA[com.alibaba.fastjson.JSONException: 
syntax error, pos 1, line 1, column 2<html>
<head>
<meta http-equiv="Content-Type" content="text/html;charset=utf-8"/>
<title>Error 403 No valid crumb was included in the request</title>
</head>
<body><h2>HTTP ERROR 403</h2>
<p>Problem accessing /null%3A4432/1.0/app/cculist. Reason:
<pre>    No valid crumb was included in the request</pre></p><hr><a href="http://eclipse.org/jetty">Powered by Jetty:// 9.4.z-SNAPSHOT</a><hr/>

</body>
</html>

	at com.rest.autotest.http.GetDeviceStatus.getccuid(GetDeviceStatus.java:46)
	at com.rest.autotest.http.GetDeviceStatus.seturl(GetDeviceStatus.java:66)
	at com.rest.autotest.http.GetDeviceStatus.getDeviceStatus(GetDeviceStatus.java:58)
]]></failure>
  </testcase>
  <testcase name="getDeviceStatus" classname="com.rest.autotest.http.GetDeviceStatus" time="0.102"/>
  <testcase name="getDeviceStatus" classname="com.rest.autotest.http.GetDeviceStatus" time="0.004">
    <failure message="syntax error, pos 1, line 1, column 2Access is denied" type="com.alibaba.fastjson.JSONException">com.alibaba.fastjson.JSONException: syntax error, pos 1, line 1, column 2Access is denied
	at com.rest.autotest.http.GetDeviceStatus.assertres(GetDeviceStatus.java:92)
	at com.rest.autotest.http.GetDeviceStatus.getDeviceStatus(GetDeviceStatus.java:61)
</failure>
  </testcase>
  <testcase name="getDeviceStatus" classname="com.rest.autotest.http.GetDeviceStatus" time="0.093"/>
  <testcase name="getDeviceStatus" classname="com.rest.autotest.http.GetDeviceStatus" time="0.018"/>
  <testcase name="getDeviceStatus" classname="com.rest.autotest.http.GetDeviceStatus" time="0.065"/>
  <testcase name="getDeviceStatus" classname="com.rest.autotest.http.GetDeviceStatus" time="0"/>
  <testcase name="getDeviceStatus" classname="com.rest.autotest.http.GetDeviceStatus" time="0.104"/>
  <testcase name="getDeviceStatus" classname="com.rest.autotest.http.GetDeviceStatus" time="0.052"/>
  <testcase name="getDeviceStatus" classname="com.rest.autotest.http.GetDeviceStatus" time="0.044"/>
  <testcase name="getDeviceStatus" classname="com.rest.autotest.http.GetDeviceStatus" time="0.06"/>
  <testcase name="getDeviceStatus" classname="com.rest.autotest.http.GetDeviceStatus" time="0.137"/>
  <testcase name="getDeviceStatus" classname="com.rest.autotest.http.GetDeviceStatus" time="0.023"/>
  <testcase name="getDeviceStatus" classname="com.rest.autotest.http.GetDeviceStatus" time="0.013"/>
  <testcase name="getDeviceStatus" classname="com.rest.autotest.http.GetDeviceStatus" time="0.091"/>
  <testcase name="getDeviceStatus" classname="com.rest.autotest.http.GetDeviceStatus" time="0.087"/>
  <testcase name="getDeviceStatus" classname="com.rest.autotest.http.GetDeviceStatus" time="0"/>
  <testcase name="getDeviceStatus" classname="com.rest.autotest.http.GetDeviceStatus" time="0.031"/>
  <testcase name="getDeviceStatus" classname="com.rest.autotest.http.GetDeviceStatus" time="0.049"/>
  <testcase name="getDeviceStatus" classname="com.rest.autotest.http.GetDeviceStatus" time="0.063"/>
  <testcase name="getDeviceStatus" classname="com.rest.autotest.http.GetDeviceStatus" time="0.045"/>
  <testcase name="getDeviceStatus" classname="com.rest.autotest.http.GetDeviceStatus" time="0.162"/>
  <testcase name="getDeviceStatus" classname="com.rest.autotest.http.GetDeviceStatus" time="0.006"/>
  <testcase name="getDeviceStatus" classname="com.rest.autotest.http.GetDeviceStatus" time="0.05"/>
  <testcase name="getDeviceStatus" classname="com.rest.autotest.http.GetDeviceStatus" time="0.057">
    <failure message="syntax error, pos 1, line 1, column 2&lt;html&gt;&#10;&lt;head&gt;&#10;&lt;meta http-equiv=&quot;Content-Type&quot; content=&quot;text/html;charset=utf-8&quot;/&gt;&#10;&lt;title&gt;Error 403 No valid crumb was included in the request&lt;/title&gt;&#10;&lt;/head&gt;&#10;&lt;body&gt;&lt;h2&gt;HTTP ERROR 403&lt;/h2&gt;&#10;&lt;p&gt;Problem accessing /null%3A4432/1.0/app/ccu/7f03de27-5447-4266-9491-e800867dccf9/deviceStatus. Reason:&#10;&lt;pre&gt;    No valid crumb was included in the request&lt;/pre&gt;&lt;/p&gt;&lt;hr&gt;&lt;a href=&quot;http://eclipse.org/jetty&quot;&gt;Powered by Jetty:// 9.4.z-SNAPSHOT&lt;/a&gt;&lt;hr/&gt;&#10;&#10;&lt;/body&gt;&#10;&lt;/html&gt;&#10;" type="com.alibaba.fastjson.JSONException"><![CDATA[com.alibaba.fastjson.JSONException: 
syntax error, pos 1, line 1, column 2<html>
<head>
<meta http-equiv="Content-Type" content="text/html;charset=utf-8"/>
<title>Error 403 No valid crumb was included in the request</title>
</head>
<body><h2>HTTP ERROR 403</h2>
<p>Problem accessing /null%3A4432/1.0/app/ccu/7f03de27-5447-4266-9491-e800867dccf9/deviceStatus. Reason:
<pre>    No valid crumb was included in the request</pre></p><hr><a href="http://eclipse.org/jetty">Powered by Jetty:// 9.4.z-SNAPSHOT</a><hr/>

</body>
</html>

	at com.rest.autotest.http.GetDeviceStatus.assertres(GetDeviceStatus.java:92)
	at com.rest.autotest.http.GetDeviceStatus.getDeviceStatus(GetDeviceStatus.java:61)
]]></failure>
  </testcase>
  <testcase name="getDeviceStatus" classname="com.rest.autotest.http.GetDeviceStatus" time="0"/>
  <testcase name="getDeviceStatus" classname="com.rest.autotest.http.GetDeviceStatus" time="0.028"/>
  <testcase name="getDeviceStatus" classname="com.rest.autotest.http.GetDeviceStatus" time="0.049"/>
  <testcase name="getDeviceStatus" classname="com.rest.autotest.http.GetDeviceStatus" time="0.04"/>
  <testcase name="getDeviceStatus" classname="com.rest.autotest.http.GetDeviceStatus" time="0.088"/>
  <testcase name="getDeviceStatus" classname="com.rest.autotest.http.GetDeviceStatus" time="0.046"/>
  <testcase name="getDeviceStatus" classname="com.rest.autotest.http.GetDeviceStatus" time="0.209"/>
  <testcase name="getDeviceStatus" classname="com.rest.autotest.http.GetDeviceStatus" time="0.012"/>
  <testcase name="getDeviceStatus" classname="com.rest.autotest.http.GetDeviceStatus" time="0"/>
  <testcase name="getDeviceStatus" classname="com.rest.autotest.http.GetDeviceStatus" time="0"/>
  <testcase name="getDeviceStatus" classname="com.rest.autotest.http.GetDeviceStatus" time="0.037"/>
  <testcase name="getDeviceStatus" classname="com.rest.autotest.http.GetDeviceStatus" time="0.041">
    <failure type="java.lang.NullPointerException">java.lang.NullPointerException
	at com.rest.autotest.http.GetDeviceStatus.assertres(GetDeviceStatus.java:92)
	at com.rest.autotest.http.GetDeviceStatus.getDeviceStatus(GetDeviceStatus.java:61)
</failure>
  </testcase>
  <testcase name="getDeviceStatus" classname="com.rest.autotest.http.GetDeviceStatus" time="0.077"/>
  <testcase name="getDeviceStatus" classname="com.rest.autotest.http.GetDeviceStatus" time="0"/>
  <testcase name="getDeviceStatus" classname="com.rest.autotest.http.GetDeviceStatus" time="0.066"/>
  <testcase name="getDeviceStatus" classname="com.rest.autotest.http.GetDeviceStatus" time="0.058"/>
  <testcase name="getDeviceStatus" classname="com.rest.autotest.http.GetDeviceStatus" time="0.217"/>
  <testcase name="getDeviceStatus" classname="com.rest.autotest.http.GetDeviceStatus" time="0.022"/>
  <testcase name="getDeviceStatus" classname="com.rest.autotest.http.GetDeviceStatus" time="0.019"/>
  <testcase name="getDeviceStatus" classname="com.rest.autotest.http.GetDeviceStatus" time="0.005"/>
  <testcase name="getDeviceStatus" classname="com.rest.autotest.http.GetDeviceStatus" time="0.109"/>
  <testcase name="getDeviceStatus" classname="com.rest.autotest.http.GetDeviceStatus" time="0.044"/>
  <testcase name="getDeviceStatus" classname="com.rest.autotest.http.GetDeviceStatus" time="0.03"/>
  <testcase name="getDeviceStatus" classname="com.rest.autotest.http.GetDeviceStatus" time="0"/>
  <testcase name="getDeviceStatus" classname="com.rest.autotest.http.GetDeviceStatus" time="0.025"/>
  <testcase name="getDeviceStatus" classname="com.rest.autotest.http.GetDeviceStatus" time="0"/>
  <testcase name="getDeviceStatus" classname="com.rest.autotest.http.GetDeviceStatus" time="0.246"/>
  <testcase name="getDeviceStatus" classname="com.rest.autotest.http.GetDeviceStatus" time="0.001"/>
  <testcase name="getDeviceStatus" classname="com.rest.autotest.http.GetDeviceStatus" time="0.071"/>
  <testcase name="getDeviceStatus" classname="com.rest.autotest.http.GetDeviceStatus" time="0.092"/>
  <testcase name="getDeviceStatus" classname="com.rest.autotest.http.GetDeviceStatus" time="0.017">
    <failure message="syntax error, pos 1, line 1, column 2&lt;html&gt;&#10;&lt;head&gt;&#10;&lt;meta http-equiv=&quot;Content-Type&quot; content=&quot;text/html;charset=utf-8&quot;/&gt;&#10;&lt;title&gt;Error 403 No valid crumb was included in the request&lt;/title&gt;&#10;&lt;/head&gt;&#10;&lt;body&gt;&lt;h2&gt;HTTP ERROR 403&lt;/h2&gt;&#10;&lt;p&gt;Problem accessing /null%3A4432/1.0/app/ccu/7f03de27-5447-4266-9491-e800867dccf9/deviceStatus. Reason:&#10;&lt;pre&gt;    No valid crumb was included in the request&lt;/pre&gt;&lt;/p&gt;&lt;hr&gt;&lt;a href=&quot;http://eclipse.org/jetty&quot;&gt;Powered by Jetty:// 9.4.z-SNAPSHOT&lt;/a&gt;&lt;hr/&gt;&#10;&#10;&lt;/body&gt;&#10;&lt;/html&gt;&#10;" type="com.alibaba.fastjson.JSONException"><![CDATA[com.alibaba.fastjson.JSONException: 
syntax error, pos 1, line 1, column 2<html>
<head>
<meta http-equiv="Content-Type" content="text/html;charset=utf-8"/>
<title>Error 403 No valid crumb was included in the request</title>
</head>
<body><h2>HTTP ERROR 403</h2>
<p>Problem accessing /null%3A4432/1.0/app/ccu/7f03de27-5447-4266-9491-e800867dccf9/deviceStatus. Reason:
<pre>    No valid crumb was included in the request</pre></p><hr><a href="http://eclipse.org/jetty">Powered by Jetty:// 9.4.z-SNAPSHOT</a><hr/>

</body>
</html>

	at com.rest.autotest.http.GetDeviceStatus.assertres(GetDeviceStatus.java:92)
	at com.rest.autotest.http.GetDeviceStatus.getDeviceStatus(GetDeviceStatus.java:61)
]]></failure>
  </testcase>
  <testcase name="getDeviceStatus" classname="com.rest.autotest.http.GetDeviceStatus" time="0.028"/>
  <testcase name="getDeviceStatus" classname="com.rest.autotest.http.GetDeviceStatus" time="0.028"/>
  <testcase name="getDeviceStatus" classname="com.rest.autotest.http.GetDeviceStatus" time="0.041"/>
  <testcase name="getDeviceStatus" classname="com.rest.autotest.http.GetDeviceStatus" time="0.041"/>
  <testcase name="getDeviceStatus" classname="com.rest.autotest.http.GetDeviceStatus" time="0.005"/>
  <testcase name="getDeviceStatus" classname="com.rest.autotest.http.GetDeviceStatus" time="0.004">
    <failure message="syntax error, pos 1, line 1, column 2&lt;html&gt;&#10;&lt;head&gt;&#10;&lt;meta http-equiv=&quot;Content-Type&quot; content=&quot;text/html;charset=utf-8&quot;/&gt;&#10;&lt;title&gt;Error 403 No valid crumb was included in the request&lt;/title&gt;&#10;&lt;/head&gt;&#10;&lt;body&gt;&lt;h2&gt;HTTP ERROR 403&lt;/h2&gt;&#10;&lt;p&gt;Problem accessing /null%3A4432/1.0/app/cculist. Reason:&#10;&lt;pre&gt;    No valid crumb was included in the request&lt;/pre&gt;&lt;/p&gt;&lt;hr&gt;&lt;a href=&quot;http://eclipse.org/jetty&quot;&gt;Powered by Jetty:// 9.4.z-SNAPSHOT&lt;/a&gt;&lt;hr/&gt;&#10;&#10;&lt;/body&gt;&#10;&lt;/html&gt;&#10;" type="com.alibaba.fastjson.JSONException"><![CDATA[com.alibaba.fastjson.JSONException: 
syntax error, pos 1, line 1, column 2<html>
<head>
<meta http-equiv="Content-Type" content="text/html;charset=utf-8"/>
<title>Error 403 No valid crumb was included in the request</title>
</head>
<body><h2>HTTP ERROR 403</h2>
<p>Problem accessing /null%3A4432/1.0/app/cculist. Reason:
<pre>    No valid crumb was included in the request</pre></p><hr><a href="http://eclipse.org/jetty">Powered by Jetty:// 9.4.z-SNAPSHOT</a><hr/>

</body>
</html>

	at com.rest.autotest.http.GetDeviceStatus.getccuid(GetDeviceStatus.java:46)
	at com.rest.autotest.http.GetDeviceStatus.seturl(GetDeviceStatus.java:66)
	at com.rest.autotest.http.GetDeviceStatus.getDeviceStatus(GetDeviceStatus.java:58)
]]></failure>
  </testcase>
  <testcase name="getDeviceStatus" classname="com.rest.autotest.http.GetDeviceStatus" time="0.298"/>
  <testcase name="getDeviceStatus" classname="com.rest.autotest.http.GetDeviceStatus" time="0.01"/>
  <testcase name="getDeviceStatus" classname="com.rest.autotest.http.GetDeviceStatus" time="0.183"/>
  <testcase name="getDeviceStatus" classname="com.rest.autotest.http.GetDeviceStatus" time="0.486"/>
  <testcase name="getDeviceStatus" classname="com.rest.autotest.http.GetDeviceStatus" time="0.112"/>
  <testcase name="getDeviceStatus" classname="com.rest.autotest.http.GetDeviceStatus" time="0.019"/>
  <testcase name="getDeviceStatus" classname="com.rest.autotest.http.GetDeviceStatus" time="0.002"/>
  <testcase name="getDeviceStatus" classname="com.rest.autotest.http.GetDeviceStatus" time="0"/>
  <testcase name="getDeviceStatus" classname="com.rest.autotest.http.GetDeviceStatus" time="0.011"/>
  <testcase name="getDeviceStatus" classname="com.rest.autotest.http.GetDeviceStatus" time="0.025"/>
  <testcase name="getDeviceStatus" classname="com.rest.autotest.http.GetDeviceStatus" time="0.204">
    <failure type="java.lang.NumberFormatException:">java.lang.NumberFormatException: null
	at com.rest.autotest.http.GetDeviceStatus.assertres(GetDeviceStatus.java:92)
	at com.rest.autotest.http.GetDeviceStatus.getDeviceStatus(GetDeviceStatus.java:61)
</failure>
  </testcase>
  <testcase name="getDeviceStatus" classname="com.rest.autotest.http.GetDeviceStatus" time="0.035"/>
  <testcase name="getDeviceStatus" classname="com.rest.autotest.http.GetDeviceStatus" time="0.095"/>
  <testcase name="getDeviceStatus" classname="com.rest.autotest.http.GetDeviceStatus" time="0.078">
    <failure type="java.lang.NumberFormatException:">java.lang.NumberFormatException: null
	at com.rest.autotest.http.GetDeviceStatus.assertres(GetDeviceStatus.java:92)
	at com.rest.autotest.http.GetDeviceStatus.getDeviceStatus(GetDeviceStatus.java:61)
</failure>
  </testcase>
  <testcase name="getDeviceStatus" classname="com.rest.autotest.http.GetDeviceStatus" time="0.099"/>
  <testcase name="getDeviceStatus" classname="com.rest.autotest.http.GetDeviceStatus" time="0.072"/>
  <testcase name="getDeviceStatus" classname="com.rest.autotest.http.GetDeviceStatus" time="0"/>
  <testcase name="getDeviceStatus" classname="com.rest.autotest.http.GetDeviceStatus" time="0.068"/>
  <testcase name="getDeviceStatus" classname="com.rest.autotest.http.GetDeviceStatus" time="0.021"/>
  <testcase name="getDeviceStatus" classname="com.rest.autotest.http.GetDeviceStatus" time="0.031"/>
  <testcase name="getDeviceStatus" classname="com.rest.autotest.http.GetDeviceStatus" time="0.268">
    <failure message="java.lang.IllegalStateException: Expected BEGIN_ARRAY but was STRING at line 1 column 1 path $" type="com.google.gson.JsonSyntaxException">com.google.gson.JsonSyntaxException: java.lang.IllegalStateException: Expected BEGIN_ARRAY but was STRING at line 1 column 1 path $
	at com.rest.autotest.http.GetDeviceStatus.assertres(GetDeviceStatus.java:92)
	at com.rest.autotest.http.GetDeviceStatus.getDeviceStatus(GetDeviceStatus.java:61)
Caused by: java.lang.IllegalStateException: Expected BEGIN_ARRAY but was STRING at line 1 column 1 path $
	at com.rest.autotest.http.GetDeviceStatus.assertres(GetDeviceStatus.java:92)
	at com.rest.autotest.http.GetDeviceStatus.getDeviceStatus(GetDeviceStatus.java:61)
</failure>
  </testcase>
  <testcase name="getDeviceStatus" classname="com.rest.autotest.http.GetDeviceStatus" time="0.035">
    <failure type="java.lang.NullPointerException">java.lang.NullPointerException
	at com.rest.autotest.http.GetDeviceStatus.assertres(GetDeviceStatus.java:92)
	at com.rest.autotest.http.GetDeviceStatus.getDeviceStatus(GetDeviceStatus.java:61)
</failure>
  </testcase>
  <testcase name="getDeviceStatus" classname="com.rest.autotest.http.GetDeviceStatus" time="0.182">
    <failure type="java.lang.NumberFormatException:">java.lang.NumberFormatException: null
	at com.rest.autotest.http.GetDeviceStatus.assertres(GetDeviceStatus.java:92)
	at com.rest.autotest.http.GetDeviceStatus.getDeviceStatus(GetDeviceStatus.java:61)
</failure>
    <system-out><![CDATA[2019-04-10 19:43:07  [ com.rest.autotest.asserts.StatusResponseAsserts.statusResponseAsserts(52) ] - [ INFO ]  操作成功->响应与预期一致:{"id":17815,"type":"KONKE_ZIGBEE_TEMPSENSOR","status":{"num":21.093,"low_power":false,"battery":0,"onlineState":"ONLINE"},"extraInfo":{"channel":1,"gwMac":"00:12:4B:00:0C:C0:F0:A2","mac":"00:12:4B:00:19:C8:F4:AF"}}
]]></system-out>
  </testcase>
  <testcase name="getDeviceStatus" classname="com.rest.autotest.http.GetDeviceStatus" time="0"/>
  <testcase name="getDeviceStatus" classname="com.rest.autotest.http.GetDeviceStatus" time="0.198"/>
  <testcase name="getDeviceStatus" classname="com.rest.autotest.http.GetDeviceStatus" time="0.015">
    <failure type="java.lang.NullPointerException">java.lang.NullPointerException
	at com.rest.autotest.http.GetDeviceStatus.assertres(GetDeviceStatus.java:92)
	at com.rest.autotest.http.GetDeviceStatus.getDeviceStatus(GetDeviceStatus.java:61)
</failure>
  </testcase>
  <testcase name="getDeviceStatus" classname="com.rest.autotest.http.GetDeviceStatus" time="0.161"/>
  <testcase name="getDeviceStatus" classname="com.rest.autotest.http.GetDeviceStatus" time="0.031"/>
  <testcase name="getDeviceStatus" classname="com.rest.autotest.http.GetDeviceStatus" time="0.044"/>
  <testcase name="getDeviceStatus" classname="com.rest.autotest.http.GetDeviceStatus" time="0.058"/>
  <testcase name="getDeviceStatus" classname="com.rest.autotest.http.GetDeviceStatus" time="0.272"/>
  <testcase name="getDeviceStatus" classname="com.rest.autotest.http.GetDeviceStatus" time="0.057"/>
  <testcase name="getDeviceStatus" classname="com.rest.autotest.http.GetDeviceStatus" time="0.057"/>
  <testcase name="getDeviceStatus" classname="com.rest.autotest.http.GetDeviceStatus" time="0.044"/>
  <testcase name="getDeviceStatus" classname="com.rest.autotest.http.GetDeviceStatus" time="0.13"/>
  <testcase name="getDeviceStatus" classname="com.rest.autotest.http.GetDeviceStatus" time="0.011"/>
  <testcase name="getDeviceStatus" classname="com.rest.autotest.http.GetDeviceStatus" time="0.032">
    <failure message="java.lang.IllegalStateException: Expected BEGIN_ARRAY but was BEGIN_OBJECT at line 1 column 2 path $" type="com.google.gson.JsonSyntaxException">com.google.gson.JsonSyntaxException: java.lang.IllegalStateException: Expected BEGIN_ARRAY but was BEGIN_OBJECT at line 1 column 2 path $
	at com.rest.autotest.http.GetDeviceStatus.assertres(GetDeviceStatus.java:92)
	at com.rest.autotest.http.GetDeviceStatus.getDeviceStatus(GetDeviceStatus.java:61)
Caused by: java.lang.IllegalStateException: Expected BEGIN_ARRAY but was BEGIN_OBJECT at line 1 column 2 path $
	at com.rest.autotest.http.GetDeviceStatus.assertres(GetDeviceStatus.java:92)
	at com.rest.autotest.http.GetDeviceStatus.getDeviceStatus(GetDeviceStatus.java:61)
</failure>
  </testcase>
  <testcase name="getDeviceStatus" classname="com.rest.autotest.http.GetDeviceStatus" time="0.039"/>
  <testcase name="getDeviceStatus" classname="com.rest.autotest.http.GetDeviceStatus" time="0.058"/>
  <testcase name="getDeviceStatus" classname="com.rest.autotest.http.GetDeviceStatus" time="0.153"/>
  <testcase name="getDeviceStatus" classname="com.rest.autotest.http.GetDeviceStatus" time="0.163"/>
  <testcase name="getDeviceStatus" classname="com.rest.autotest.http.GetDeviceStatus" time="0.241"/>
  <testcase name="getDeviceStatus" classname="com.rest.autotest.http.GetDeviceStatus" time="0.243"/>
  <testcase name="getDeviceStatus" classname="com.rest.autotest.http.GetDeviceStatus" time="0.273">
    <failure message="syntax error, pos 1, line 1, column 2Access is denied" type="com.alibaba.fastjson.JSONException">com.alibaba.fastjson.JSONException: syntax error, pos 1, line 1, column 2Access is denied
	at com.rest.autotest.http.GetDeviceStatus.assertres(GetDeviceStatus.java:92)
	at com.rest.autotest.http.GetDeviceStatus.getDeviceStatus(GetDeviceStatus.java:61)
</failure>
  </testcase>
  <testcase name="getDeviceStatus" classname="com.rest.autotest.http.GetDeviceStatus" time="0.388"/>
  <testcase name="getDeviceStatus" classname="com.rest.autotest.http.GetDeviceStatus" time="0.411"/>
  <testcase name="getDeviceStatus" classname="com.rest.autotest.http.GetDeviceStatus" time="0.469"/>
  <testcase name="getDeviceStatus" classname="com.rest.autotest.http.GetDeviceStatus" time="0.478"/>
  <testcase name="getDeviceStatus" classname="com.rest.autotest.http.GetDeviceStatus" time="0.549"/>
</testsuite>